#
# There is insufficient memory for the Java Runtime Environment to continue.
# Native memory allocation (mmap) failed to map 65536 bytes. Error detail: Failed to commit metaspace.
# Possible reasons:
#   The system is out of physical RAM or swap space
#   This process is running with CompressedOops enabled, and the Java Heap may be blocking the growth of the native heap
# Possible solutions:
#   Reduce memory load on the system
#   Increase physical memory or swap space
#   Check if swap backing store is full
#   Decrease Java heap size (-Xmx/-Xms)
#   Decrease number of Java threads
#   Decrease Java thread stack sizes (-Xss)
#   Set larger code cache with -XX:ReservedCodeCacheSize=
#   JVM is running with Zero Based Compressed Oops mode in which the Java heap is
#     placed in the first 32GB address space. The Java Heap base address is the
#     maximum limit for the native heap growth. Please use -XX:HeapBaseMinAddress
#     to set the Java Heap base and to place the Java Heap above 32GB virtual address.
# This output file may be truncated or incomplete.
#
#  Out of Memory Error (virtualSpaceNode.cpp:110), pid=19228, tid=23448
#
# JRE version: OpenJDK Runtime Environment Corretto-17.0.13.11.1 (17.0.13+11) (build 17.0.13+11-LTS)
# Java VM: OpenJDK 64-Bit Server VM Corretto-17.0.13.11.1 (17.0.13+11-LTS, mixed mode, emulated-client, sharing, tiered, compressed oops, compressed class ptrs, g1 gc, windows-amd64)
# No core dump will be written. Minidumps are not enabled by default on client versions of Windows
#

---------------  S U M M A R Y ------------

Command Line: -XX:TieredStopAtLevel=1 -Dspring.output.ansi.enabled=always -Dcom.sun.management.jmxremote -Dspring.jmx.enabled=true -Dspring.liveBeansView.mbeanDomain -Dspring.application.admin.enabled=true -Dmanagement.endpoints.jmx.exposure.include=* -javaagent:C:\Program Files\JetBrains\IntelliJ IDEA 2024.1.4\lib\idea_rt.jar=62630:C:\Program Files\JetBrains\IntelliJ IDEA 2024.1.4\bin -Dfile.encoding=UTF-8 com.example.TicTacToe.TicTacToeApplication

Host: 11th Gen Intel(R) Core(TM) i5-1135G7 @ 2.40GHz, 8 cores, 15G,  Windows 11 , 64 bit Build 22621 (10.0.22621.4391)
Time: Wed Feb 12 20:08:43 2025 RTZ 2 (s 11 , 64 bit Build 22621 (10.0.22621.4391) elapsed time: 0.941445 seconds (0d 0h 0m 0s)

---------------  T H R E A D  ---------------

Current thread (0x000001ea6ed2ee30):  JavaThread "main" [_thread_in_vm, id=23448, stack(0x000000acfa500000,0x000000acfa600000)]

Stack: [0x000000acfa500000,0x000000acfa600000]
Native frames: (J=compiled Java code, j=interpreted, Vv=VM code, C=native code)
V  [jvm.dll+0x680c19]
V  [jvm.dll+0x83888a]
V  [jvm.dll+0x83a34e]
V  [jvm.dll+0x83a9b3]
V  [jvm.dll+0x2481af]
V  [jvm.dll+0x83453d]
V  [jvm.dll+0x624eee]
V  [jvm.dll+0x1c1c9b]
V  [jvm.dll+0x62787d]
V  [jvm.dll+0x625896]
V  [jvm.dll+0x23c53f]
V  [jvm.dll+0x62f7c5]
V  [jvm.dll+0x1ebd0b]
V  [jvm.dll+0x1ec245]
V  [jvm.dll+0x1ecd02]
V  [jvm.dll+0x1e20f1]
V  [jvm.dll+0x544dce]
V  [jvm.dll+0x7b2678]
V  [jvm.dll+0x7b2764]
V  [jvm.dll+0x4119f9]
V  [jvm.dll+0x417bc9]
C  [java.dll+0x17ec]

Java frames: (J=compiled Java code, j=interpreted, Vv=VM code)
J 1010  java.lang.ClassLoader.defineClass1(Ljava/lang/ClassLoader;Ljava/lang/String;[BIILjava/security/ProtectionDomain;Ljava/lang/String;)Ljava/lang/Class; java.base@17.0.13 (0 bytes) @ 0x000001ea76c71463 [0x000001ea76c713a0+0x00000000000000c3]
J 1258 c1 java.lang.ClassLoader.defineClass(Ljava/lang/String;[BIILjava/security/ProtectionDomain;)Ljava/lang/Class; java.base@17.0.13 (43 bytes) @ 0x000001ea76cd336c [0x000001ea76cd3260+0x000000000000010c]
J 1174 c1 jdk.internal.loader.BuiltinClassLoader.defineClass(Ljava/lang/String;Ljdk/internal/loader/Resource;)Ljava/lang/Class; java.base@17.0.13 (121 bytes) @ 0x000001ea76cb63f4 [0x000001ea76cb5f20+0x00000000000004d4]
J 1173 c1 jdk.internal.loader.BuiltinClassLoader.findClassOnClassPathOrNull(Ljava/lang/String;)Ljava/lang/Class; java.base@17.0.13 (64 bytes) @ 0x000001ea76cb496c [0x000001ea76cb46a0+0x00000000000002cc]
J 939 c1 jdk.internal.loader.BuiltinClassLoader.loadClassOrNull(Ljava/lang/String;Z)Ljava/lang/Class; java.base@17.0.13 (143 bytes) @ 0x000001ea76c52284 [0x000001ea76c51e00+0x0000000000000484]
J 1079 c1 jdk.internal.loader.ClassLoaders$AppClassLoader.loadClass(Ljava/lang/String;Z)Ljava/lang/Class; java.base@17.0.13 (40 bytes) @ 0x000001ea76c8d62c [0x000001ea76c8d4e0+0x000000000000014c]
J 1078 c1 java.lang.ClassLoader.loadClass(Ljava/lang/String;)Ljava/lang/Class; java.base@17.0.13 (7 bytes) @ 0x000001ea76c8ca64 [0x000001ea76c8ca20+0x0000000000000044]
v  ~StubRoutines::call_stub
j  org.springframework.core.convert.TypeDescriptor.<init>(Lorg/springframework/core/ResolvableType;Ljava/lang/Class;[Ljava/lang/annotation/Annotation;)V+27
j  org.springframework.core.convert.TypeDescriptor.valueOf(Ljava/lang/Class;)Lorg/springframework/core/convert/TypeDescriptor;+38
j  org.springframework.core.convert.TypeDescriptor.<clinit>()V+162
v  ~StubRoutines::call_stub
j  org.springframework.core.convert.support.StreamConverter.<clinit>()V+2
v  ~StubRoutines::call_stub
j  org.springframework.core.convert.support.DefaultConversionService.addCollectionConverters(Lorg/springframework/core/convert/converter/ConverterRegistry;)V+188
j  org.springframework.core.convert.support.DefaultConversionService.addDefaultConverters(Lorg/springframework/core/convert/converter/ConverterRegistry;)V+5
j  org.springframework.boot.convert.ApplicationConversionService.configure(Lorg/springframework/format/FormatterRegistry;)V+1
j  org.springframework.boot.convert.ApplicationConversionService.<init>(Lorg/springframework/util/StringValueResolver;Z)V+14
j  org.springframework.boot.convert.ApplicationConversionService.<init>(Lorg/springframework/util/StringValueResolver;)V+3
j  org.springframework.boot.convert.ApplicationConversionService.<init>()V+2
j  org.springframework.boot.SpringApplication.configureEnvironment(Lorg/springframework/core/env/ConfigurableEnvironment;[Ljava/lang/String;)V+12
j  org.springframework.boot.SpringApplication.prepareEnvironment(Lorg/springframework/boot/SpringApplicationRunListeners;Lorg/springframework/boot/DefaultBootstrapContext;Lorg/springframework/boot/ApplicationArguments;)Lorg/springframework/core/env/ConfigurableEnvironment;+15
j  org.springframework.boot.SpringApplication.run([Ljava/lang/String;)Lorg/springframework/context/ConfigurableApplicationContext;+62
j  org.springframework.boot.SpringApplication.run([Ljava/lang/Class;[Ljava/lang/String;)Lorg/springframework/context/ConfigurableApplicationContext;+9
j  org.springframework.boot.SpringApplication.run(Ljava/lang/Class;[Ljava/lang/String;)Lorg/springframework/context/ConfigurableApplicationContext;+9
j  com.example.TicTacToe.TicTacToeApplication.main([Ljava/lang/String;)V+3
v  ~StubRoutines::call_stub

Compiled method (n/a)     962 1010     n 0       java.lang.ClassLoader::defineClass1 (native)
 total in heap  [0x000001ea76c71210,0x000001ea76c716f0] = 1248
 relocation     [0x000001ea76c71368,0x000001ea76c713a0] = 56
 main code      [0x000001ea76c713a0,0x000001ea76c716f0] = 848

[Constant Pool (empty)]

[MachCode]
[Entry Point]
  # {method} {0x000001ea06010f28} 'defineClass1' '(Ljava/lang/ClassLoader;Ljava/lang/String;[BIILjava/security/ProtectionDomain;Ljava/lang/String;)Ljava/lang/Class;' in 'java/lang/ClassLoader'
  # parm0:    rdx:rdx   = 'java/lang/ClassLoader'
  # parm1:    r8:r8     = 'java/lang/String'
  # parm2:    r9:r9     = '[B'
  # parm3:    rdi       = int
  # parm4:    rsi       = int
  # parm5:    rcx:rcx   = 'java/security/ProtectionDomain'
  # parm6:    [sp+0xa0]   = 'java/lang/String'  (sp of caller)
  0x000001ea76c713a0: 448b 5208 | 49bb 0000 | 0006 ea01 | 0000 4d03 | d349 3bc2 | 0f84 0600 

  0x000001ea76c713b8: ;   {runtime_call ic_miss_stub}
  0x000001ea76c713b8: 0000 e9c1 | 01c3 ff90 
[Verified Entry Point]
  0x000001ea76c713c0: 8984 2400 | 90ff ff55 | 488b ec48 | 81ec 9000 | 0000 4881 | 7d10 0000 | 0000 488d | 4510 480f 
  0x000001ea76c713e0: 4445 1048 | 8944 2440 | 4889 4c24 | 7048 83f9 | 0048 8d44 | 2470 480f | 4444 2470 | 4889 4424 
  0x000001ea76c71400: 3848 8974 | 2430 4889 | 7c24 284c | 894c 2458 | 4983 f900 | 488d 4424 | 5848 0f44 | 4424 5848 
  0x000001ea76c71420: 8944 2420 | 4c89 4424 | 5049 83f8 | 004c 8d4c | 2450 4c0f | 444c 2450 | 4889 5424 | 4848 83fa 
  0x000001ea76c71440: 004c 8d44 | 2448 4c0f | 4444 2448 

  0x000001ea76c7144c: ;   {oop(a 'java/lang/Class'{0x0000000711c77438} = 'java/lang/ClassLoader')}
  0x000001ea76c7144c: 49be 3874 | c711 0700 | 0000 4c89 | 7424 784c | 8d74 2478 | 498b d6c5 

  0x000001ea76c71464: ;   {internal_word}
  0x000001ea76c71464: f877 49ba | 6314 c776 | ea01 0000 | 4d89 97a0 | 0200 0049 | 89a7 9802 

  0x000001ea76c7147c: ;   {external_word}
  0x000001ea76c7147c: 0000 49ba | 89d6 30ed | fb7f 0000 | 4180 3a00 | 0f84 5200 | 0000 5241 

  0x000001ea76c71494: ;   {metadata({method} {0x000001ea06010f28} 'defineClass1' '(Ljava/lang/ClassLoader;Ljava/lang/String;[BIILjava/security/ProtectionDomain;Ljava/lang/String;)Ljava/lang/Class;' in 'java/lang/ClassLoader')}
  0x000001ea76c71494: 5041 5148 | ba20 0f01 | 06ea 0100 | 0049 8bcf | 4883 ec20 | f7c4 0f00 | 0000 0f84 | 1a00 0000 
  0x000001ea76c714b4: 4883 ec08 

  0x000001ea76c714b8: ;   {runtime_call}
  0x000001ea76c714b8: 49ba 5060 | e6ec fb7f | 0000 41ff | d248 83c4 | 08e9 0d00 

  0x000001ea76c714cc: ;   {runtime_call}
  0x000001ea76c714cc: 0000 49ba | 5060 e6ec | fb7f 0000 | 41ff d248 | 83c4 2041 | 5941 585a | 498d 8fb8 | 0200 0041 
  0x000001ea76c714ec: c787 4803 | 0000 0400 

  0x000001ea76c714f4: ;   {runtime_call}
  0x000001ea76c714f4: 0000 49ba | ac16 f252 | fc7f 0000 | 41ff d2c5 | f877 41c7 | 8748 0300 | 0005 0000 | 00f0 8344 
  0x000001ea76c71514: 24c0 0049 | 3baf 5003 | 0000 0f87 | 1100 0000 | 4181 bf38 | 0300 0000 | 0000 000f | 842c 0000 
  0x000001ea76c71534: 00c5 f877 | 4889 45f8 | 498b cf4c | 8be4 4883 | ec20 4883 

  0x000001ea76c71548: ;   {runtime_call}
  0x000001ea76c71548: e4f0 49ba | e07f f6ec | fb7f 0000 | 41ff d249 | 8be4 4d33 | e448 8b45 | f841 c787 | 4803 0000 
  0x000001ea76c71568: 0800 0000 | 4181 bfb8 | 0300 0002 | 0000 000f | 843f 0100 

  0x000001ea76c7157c: ;   {external_word}
  0x000001ea76c7157c: 0049 ba89 | d630 edfb | 7f00 0041 | 803a 000f | 8450 0000 | 0048 8945 

  0x000001ea76c71594: ;   {metadata({method} {0x000001ea06010f28} 'defineClass1' '(Ljava/lang/ClassLoader;Ljava/lang/String;[BIILjava/security/ProtectionDomain;Ljava/lang/String;)Ljava/lang/Class;' in 'java/lang/ClassLoader')}
  0x000001ea76c71594: f848 ba20 | 0f01 06ea | 0100 0049 | 8bcf 4883 | ec20 f7c4 | 0f00 0000 | 0f84 1a00 | 0000 4883 
  0x000001ea76c715b4: ;   {runtime_call}
  0x000001ea76c715b4: ec08 49ba | 5060 e6ec | fb7f 0000 | 41ff d248 | 83c4 08e9 | 0d00 0000 

  0x000001ea76c715cc: ;   {runtime_call}
  0x000001ea76c715cc: 49ba 5060 | e6ec fb7f | 0000 41ff | d248 83c4 | 2048 8b45 | f849 c787 | 9802 0000 | 0000 0000 
  0x000001ea76c715ec: 49c7 87a0 | 0200 0000 | 0000 00c5 | f877 4885 | c00f 8493 | 0000 0048 | f7c0 0100 | 0000 0f84 
  0x000001ea76c7160c: 8300 0000 | 488b 40ff | 4180 7f38 | 000f 846f | 0000 0048 | 83f8 000f | 8465 0000 | 0049 8b4f 
  0x000001ea76c7162c: 2048 83f9 | 000f 8414 | 0000 0048 | 83e9 0849 | 894f 2049 | 034f 3048 | 8901 e943 | 0000 0050 
  0x000001ea76c7164c: 498b d748 | 8bc8 4883 | ec20 f7c4 | 0f00 0000 | 0f84 1a00 | 0000 4883 

  0x000001ea76c71664: ;   {runtime_call}
  0x000001ea76c71664: ec08 49ba | e056 a5ec | fb7f 0000 | 41ff d248 | 83c4 08e9 | 0d00 0000 

  0x000001ea76c7167c: ;   {runtime_call}
  0x000001ea76c7167c: 49ba e056 | a5ec fb7f | 0000 41ff | d248 83c4 | 2058 e903 | 0000 0048 | 8b00 498b | 8fd8 0000 
  0x000001ea76c7169c: 00c7 8100 | 0100 0000 | 0000 00c9 | 4981 7f08 | 0000 0000 | 0f85 0100 

  0x000001ea76c716b4: ;   {runtime_call StubRoutines (1)}
  0x000001ea76c716b4: 0000 c3e9 | 44f8 bdff | c5f8 7748 | 8945 f84c | 8be4 4883 | ec20 4883 

  0x000001ea76c716cc: ;   {runtime_call}
  0x000001ea76c716cc: e4f0 49ba | d090 e6ec | fb7f 0000 | 41ff d249 | 8be4 4d33 | e448 8b45 | f8e9 93fe | ffff f4f4 
  0x000001ea76c716ec: f4f4 f4f4 
[/MachCode]


Compiled method (c1)     974 1258       1       java.lang.ClassLoader::defineClass (43 bytes)
 total in heap  [0x000001ea76cd3090,0x000001ea76cd3630] = 1440
 relocation     [0x000001ea76cd31e8,0x000001ea76cd3248] = 96
 main code      [0x000001ea76cd3260,0x000001ea76cd3400] = 416
 stub code      [0x000001ea76cd3400,0x000001ea76cd3478] = 120
 metadata       [0x000001ea76cd3478,0x000001ea76cd34a8] = 48
 scopes data    [0x000001ea76cd34a8,0x000001ea76cd3560] = 184
 scopes pcs     [0x000001ea76cd3560,0x000001ea76cd3600] = 160
 dependencies   [0x000001ea76cd3600,0x000001ea76cd3608] = 8
 nul chk table  [0x000001ea76cd3608,0x000001ea76cd3630] = 40

[Constant Pool (empty)]

[MachCode]
[Entry Point]
  # {method} {0x000001ea06010cc0} 'defineClass' '(Ljava/lang/String;[BIILjava/security/ProtectionDomain;)Ljava/lang/Class;' in 'java/lang/ClassLoader'
  # this:     rdx:rdx   = 'java/lang/ClassLoader'
  # parm0:    r8:r8     = 'java/lang/String'
  # parm1:    r9:r9     = '[B'
  # parm2:    rdi       = int
  # parm3:    rsi       = int
  # parm4:    rcx:rcx   = 'java/security/ProtectionDomain'
  #           [sp+0xc0]  (sp of caller)
  0x000001ea76cd3260: 448b 5208 | 49bb 0000 | 0006 ea01 | 0000 4d03 | d34c 3bd0 

  0x000001ea76cd3274: ;   {runtime_call ic_miss_stub}
  0x000001ea76cd3274: 0f85 06e3 | bcff 660f | 1f44 0000 
[Verified Entry Point]
  0x000001ea76cd3280: 8984 2400 | 90ff ff55 | 4881 ecb0 | 0000 0048 | 8954 2478 | 89b4 2494 | 0000 0089 | bc24 9000 
  0x000001ea76cd32a0: 0000 4c89 | 8c24 8800 | 0000 498b | d84c 8bc3 | 4c8b c948 | 8bca 488b | d148 899c | 2480 0000 
  0x000001ea76cd32c0: 0066 0f1f 

  0x000001ea76cd32c4: ;   {optimized virtual_call}
  0x000001ea76cd32c4: 4400 00e8 

  0x000001ea76cd32c8: ; ImmutableOopMap {[120]=Oop [136]=Oop [128]=Oop }
                      ;*invokevirtual preDefineClass {reexecute=0 rethrow=0 return_oop=0}
                      ; - java.lang.ClassLoader::defineClass@4 (line 1015)
  0x000001ea76cd32c8: 7420 0000 | 4889 8424 | 9800 0000 

  0x000001ea76cd32d4: ; implicit exception: dispatches to 0x000001ea76cd33aa
  0x000001ea76cd32d4: 448b 4010 | 49c1 e003 | 4983 f800 | 0f85 0f00 

  0x000001ea76cd32e4: ;   {oop(NULL)}
  0x000001ea76cd32e4: 0000 48bb | 0000 0000 | 0000 0000 | e942 0000 | 0045 8b40 | 0c49 c1e0 | 0349 83f8 | 000f 850f 
  0x000001ea76cd3304: ;   {oop(NULL)}
  0x000001ea76cd3304: 0000 0048 | bb00 0000 | 0000 0000 | 00e9 2100 | 0000 418b | 5038 48c1 | e203 483b | 0266 0f1f 
  0x000001ea76cd3324: ;   {optimized virtual_call}
  0x000001ea76cd3324: 4400 00e8 

  0x000001ea76cd3328: ; ImmutableOopMap {[120]=Oop [136]=Oop [128]=Oop [152]=Oop }
                      ;*invokevirtual toExternalForm {reexecute=0 rethrow=0 return_oop=0}
                      ; - java.net.URL::toExternalForm@5 (line 1039)
                      ; - java.net.URL::toString@1 (line 1025)
                      ; - java.lang.ClassLoader::defineClassSourceLocation@22 (line 917)
                      ; - java.lang.ClassLoader::defineClass@12 (line 1016)
  0x000001ea76cd3328: 74f1 fbff | 488b d848 | 8b84 2498 | 0000 008b | b424 9400 | 0000 8bbc | 2490 0000 | 004c 8b8c 
  0x000001ea76cd3348: 2488 0000 | 004c 8b84 | 2480 0000 | 0048 8b54 | 2478 4c8b | da49 8bd3 | 488b c848 

  0x000001ea76cd3364: ;   {static_call}
  0x000001ea76cd3364: 891c 24e8 

  0x000001ea76cd3368: ; ImmutableOopMap {[152]=Oop [120]=Oop }
                      ;*invokestatic defineClass1 {reexecute=0 rethrow=0 return_oop=0}
                      ; - java.lang.ClassLoader::defineClass@27 (line 1017)
  0x000001ea76cd3368: 54e0 f9ff | 4c8b c04c | 8b8c 2498 | 0000 0048 | 8b54 2478 | 4889 8424 | a000 0000 

  0x000001ea76cd3384: ;   {optimized virtual_call}
  0x000001ea76cd3384: 6666 90e8 

  0x000001ea76cd3388: ; ImmutableOopMap {[160]=Oop }
                      ;*invokevirtual postDefineClass {reexecute=0 rethrow=0 return_oop=0}
                      ; - java.lang.ClassLoader::defineClass@37 (line 1018)
  0x000001ea76cd3388: f404 0000 | 488b 8424 | a000 0000 | 4881 c4b0 | 0000 005d 

  0x000001ea76cd339c: ;   {poll_return}
  0x000001ea76cd339c: 493b a750 | 0300 000f | 8715 0000 

  0x000001ea76cd33a8: ;   {runtime_call throw_null_pointer_exception Runtime1 stub}
  0x000001ea76cd33a8: 00c3 e871 

  0x000001ea76cd33ac: ; ImmutableOopMap {[120]=Oop [136]=Oop [128]=Oop rax=Oop [152]=Oop }
                      ;*invokevirtual getCodeSource {reexecute=0 rethrow=0 return_oop=0}
                      ; - java.lang.ClassLoader::defineClassSourceLocation@1 (line 914)
                      ; - java.lang.ClassLoader::defineClass@12 (line 1016)
                      ;   {runtime_call throw_null_pointer_exception Runtime1 stub}
  0x000001ea76cd33ac: 1ac7 ffe8 

  0x000001ea76cd33b0: ; ImmutableOopMap {[120]=Oop [136]=Oop [128]=Oop rax=Oop [152]=Oop }
                      ;*invokevirtual getLocation {reexecute=0 rethrow=0 return_oop=0}
                      ; - java.lang.ClassLoader::defineClassSourceLocation@12 (line 916)
                      ; - java.lang.ClassLoader::defineClass@12 (line 1016)
  0x000001ea76cd33b0: 6c1a c7ff 

  0x000001ea76cd33b4: ;   {runtime_call throw_null_pointer_exception Runtime1 stub}
  0x000001ea76cd33b4: e867 1ac7 

  0x000001ea76cd33b8: ; ImmutableOopMap {[120]=Oop [136]=Oop [128]=Oop [152]=Oop r8=Oop }
                      ;*invokevirtual toString {reexecute=0 rethrow=0 return_oop=0}
                      ; - java.lang.ClassLoader::defineClassSourceLocation@22 (line 917)
                      ; - java.lang.ClassLoader::defineClass@12 (line 1016)
                      ;   {runtime_call throw_null_pointer_exception Runtime1 stub}
  0x000001ea76cd33b8: ffe8 621a 

  0x000001ea76cd33bc: ; ImmutableOopMap {[120]=Oop [136]=Oop [128]=Oop [152]=Oop r8=Oop rdx=Oop }
                      ;*invokevirtual toExternalForm {reexecute=0 rethrow=0 return_oop=0}
                      ; - java.net.URL::toExternalForm@5 (line 1039)
                      ; - java.net.URL::toString@1 (line 1025)
                      ; - java.lang.ClassLoader::defineClassSourceLocation@22 (line 917)
                      ; - java.lang.ClassLoader::defineClass@12 (line 1016)
                      ;   {internal_word}
  0x000001ea76cd33bc: c7ff 49ba | 9c33 cd76 | ea01 0000 | 4d89 9768 

  0x000001ea76cd33cc: ;   {runtime_call SafepointBlob}
  0x000001ea76cd33cc: 0300 00e9 | ac5b bdff | 9090 498b | 87e0 0300 | 0049 c787 | e003 0000 | 0000 0000 | 49c7 87e8 
  0x000001ea76cd33ec: 0300 0000 | 0000 0048 | 81c4 b000 

  0x000001ea76cd33f8: ;   {runtime_call unwind_exception Runtime1 stub}
  0x000001ea76cd33f8: 0000 5de9 | 000b c7ff 
[Stub Code]
  0x000001ea76cd3400: ;   {no_reloc}
  0x000001ea76cd3400: 0f1f 4400 

  0x000001ea76cd3404: ;   {static_stub}
  0x000001ea76cd3404: 0048 bb00 | 0000 0000 

  0x000001ea76cd340c: ;   {runtime_call}
  0x000001ea76cd340c: 0000 00e9 | fbff ffff 

  0x000001ea76cd3414: ;   {static_stub}
  0x000001ea76cd3414: 9048 bb00 | 0000 0000 

  0x000001ea76cd341c: ;   {runtime_call}
  0x000001ea76cd341c: 0000 00e9 | fbff ffff 

  0x000001ea76cd3424: ;   {static_stub}
  0x000001ea76cd3424: 9048 bb00 | 0000 0000 

  0x000001ea76cd342c: ;   {runtime_call}
  0x000001ea76cd342c: 0000 00e9 | fbff ffff 

  0x000001ea76cd3434: ;   {static_stub}
  0x000001ea76cd3434: 9048 bb00 | 0000 0000 

  0x000001ea76cd343c: ;   {runtime_call}
  0x000001ea76cd343c: 0000 00e9 | fbff ffff 
[Exception Handler]
  0x000001ea76cd3444: ;   {runtime_call handle_exception_from_callee Runtime1 stub}
  0x000001ea76cd3444: e8b7 3fc7 

  0x000001ea76cd3448: ;   {external_word}
  0x000001ea76cd3448: ff48 b940 | ea0a edfb | 7f00 0048 

  0x000001ea76cd3454: ;   {runtime_call}
  0x000001ea76cd3454: 83e4 f049 | ba90 53d3 | ecfb 7f00 | 0041 ffd2 

  0x000001ea76cd3464: ;   {section_word}
  0x000001ea76cd3464: f449 ba65 | 34cd 76ea | 0100 0041 

  0x000001ea76cd3470: ;   {runtime_call DeoptimizationBlob}
  0x000001ea76cd3470: 52e9 aa6f | bdff f4f4 
[/MachCode]


Compiled method (c1)     984 1174       1       jdk.internal.loader.BuiltinClassLoader::defineClass (121 bytes)
 total in heap  [0x000001ea76cb5c90,0x000001ea76cb6b28] = 3736
 relocation     [0x000001ea76cb5de8,0x000001ea76cb5f18] = 304
 main code      [0x000001ea76cb5f20,0x000001ea76cb6560] = 1600
 stub code      [0x000001ea76cb6560,0x000001ea76cb66a8] = 328
 metadata       [0x000001ea76cb66a8,0x000001ea76cb66f0] = 72
 scopes data    [0x000001ea76cb66f0,0x000001ea76cb6948] = 600
 scopes pcs     [0x000001ea76cb6948,0x000001ea76cb6ae8] = 416
 dependencies   [0x000001ea76cb6ae8,0x000001ea76cb6af0] = 8
 handler table  [0x000001ea76cb6af0,0x000001ea76cb6b08] = 24
 nul chk table  [0x000001ea76cb6b08,0x000001ea76cb6b28] = 32

[Constant Pool (empty)]

[MachCode]
[Entry Point]
  # {method} {0x000001ea064366b0} 'defineClass' '(Ljava/lang/String;Ljdk/internal/loader/Resource;)Ljava/lang/Class;' in 'jdk/internal/loader/BuiltinClassLoader'
  # this:     rdx:rdx   = 'jdk/internal/loader/BuiltinClassLoader'
  # parm0:    r8:r8     = 'java/lang/String'
  # parm1:    r9:r9     = 'jdk/internal/loader/Resource'
  #           [sp+0x110]  (sp of caller)
  0x000001ea76cb5f20: 448b 5208 | 49bb 0000 | 0006 ea01 | 0000 4d03 | d34c 3bd0 

  0x000001ea76cb5f34: ;   {runtime_call ic_miss_stub}
  0x000001ea76cb5f34: 0f85 46b6 | beff 660f | 1f44 0000 
[Verified Entry Point]
  0x000001ea76cb5f40: 8984 2400 | 90ff ff55 | 4881 ec00 | 0100 0048 | 8994 24a0 | 0000 004c | 8984 2490 | 0000 004c 
  0x000001ea76cb5f60: 898c 2498 | 0000 0049 | 8bd1 6666 | 9048 b868 | a619 06ea 

  0x000001ea76cb5f74: ;   {virtual_call}
  0x000001ea76cb5f74: 0100 00e8 

  0x000001ea76cb5f78: ; ImmutableOopMap {[152]=Oop [160]=Oop [144]=Oop }
                      ;*invokevirtual getCodeSourceURL {reexecute=0 rethrow=0 return_oop=0}
                      ; - jdk.internal.loader.BuiltinClassLoader::defineClass@1 (line 842)
  0x000001ea76cb5f78: a42e 0000 | 4889 8424 | a800 0000 | 4c8b 8424 | 9000 0000 

  0x000001ea76cb5f8c: ; implicit exception: dispatches to 0x000001ea76cb6453
  0x000001ea76cb5f8c: 418b 7014 | 48c1 e603 

  0x000001ea76cb5f94: ; implicit exception: dispatches to 0x000001ea76cb6458
  0x000001ea76cb5f94: 8b56 0c45 | 0fbe 4810 | 498b c9c1 | e118 c1f9 | 18d3 fa48 | 8bfa ffcf | 4183 f900 | ba00 0000 
  0x000001ea76cb5fb4: 000f 8505 | 0000 00ba | 0100 0000 | 83e2 0183 | fa00 488b | d641 b82e | 0000 004c | 8bcf 0f84 
  0x000001ea76cb5fd4: 1100 0000 | 0f1f 8000 

  0x000001ea76cb5fdc: ;   {static_call}
  0x000001ea76cb5fdc: 0000 00e8 

  0x000001ea76cb5fe0: ; ImmutableOopMap {[152]=Oop [160]=Oop [168]=Oop [144]=Oop }
                      ;*invokestatic lastIndexOf {reexecute=0 rethrow=0 return_oop=0}
                      ; - java.lang.String::lastIndexOf@13 (line 2489)
                      ; - java.lang.String::lastIndexOf@8 (line 2451)
                      ; - jdk.internal.loader.BuiltinClassLoader::defineClass@8 (line 845)
  0x000001ea76cb5fe0: bcc3 e7ff | e90b 0000 | 0066 0f1f 

  0x000001ea76cb5fec: ;   {static_call}
  0x000001ea76cb5fec: 4400 00e8 

  0x000001ea76cb5ff0: ; ImmutableOopMap {[152]=Oop [160]=Oop [168]=Oop [144]=Oop }
                      ;*invokestatic lastIndexOf {reexecute=0 rethrow=0 return_oop=0}
                      ; - java.lang.String::lastIndexOf@25 (line 2490)
                      ; - java.lang.String::lastIndexOf@8 (line 2451)
                      ; - jdk.internal.loader.BuiltinClassLoader::defineClass@8 (line 845)
  0x000001ea76cb5ff0: 0cc6 beff | 83f8 ff0f | 8467 0000 | 0041 b800 | 0000 004c | 8bc8 488b | 9424 9000 

  0x000001ea76cb600c: ;   {optimized virtual_call}
  0x000001ea76cb600c: 0000 90e8 

  0x000001ea76cb6010: ; ImmutableOopMap {[152]=Oop [160]=Oop [168]=Oop [144]=Oop }
                      ;*invokevirtual substring {reexecute=0 rethrow=0 return_oop=0}
                      ; - jdk.internal.loader.BuiltinClassLoader::defineClass@23 (line 847)
  0x000001ea76cb6010: 6c8a ccff | 488b 9424 | 9800 0000 | 4889 8424 | b000 0000 | 9048 b868 | a619 06ea 

  0x000001ea76cb602c: ;   {virtual_call}
  0x000001ea76cb602c: 0100 00e8 

  0x000001ea76cb6030: ; ImmutableOopMap {[152]=Oop [160]=Oop [168]=Oop [144]=Oop [176]=Oop }
                      ;*invokevirtual getManifest {reexecute=0 rethrow=0 return_oop=0}
                      ; - jdk.internal.loader.BuiltinClassLoader::defineClass@29 (line 848)
  0x000001ea76cb6030: cc47 0000 | 4c8b 8424 | b000 0000 | 4c8b c848 | 8bbc 24a8 | 0000 0048 | 8b94 24a0 | 0000 0066 
  0x000001ea76cb6050: 0f1f 4400 | 0048 b868 | dc07 06ea 

  0x000001ea76cb605c: ;   {virtual_call}
  0x000001ea76cb605c: 0100 00e8 

  0x000001ea76cb6060: ; ImmutableOopMap {[152]=Oop [160]=Oop [168]=Oop [144]=Oop }
                      ;*invokevirtual defineOrCheckPackage {reexecute=0 rethrow=0 return_oop=0}
                      ; - jdk.internal.loader.BuiltinClassLoader::defineClass@40 (line 849)
  0x000001ea76cb6060: 3ce2 ffff | 4c8b 8c24 | 9800 0000 | 488d 9424 | e000 0000 | 4c89 4a08 | 498b 0148 | 83c8 0148 
  0x000001ea76cb6080: 8902 f049 | 0fb1 110f | 8413 0000 | 0048 2bc4 | 4881 e007 | f0ff ff48 | 8902 0f85 | bd03 0000 
  0x000001ea76cb60a0: 418b 510c | 48c1 e203 | 4883 fa00 | 0f85 4700 | 0000 498b | d148 b850 | 36a3 4bea 

  0x000001ea76cb60bc: ;   {virtual_call}
  0x000001ea76cb60bc: 0100 00e8 

  0x000001ea76cb60c0: ; ImmutableOopMap {[160]=Oop [168]=Oop [144]=Oop [152]=Oop [232]=Oop }
                      ;*invokevirtual getInputStream {reexecute=0 rethrow=0 return_oop=0}
                      ; - jdk.internal.loader.Resource::cachedInputStream@9 (line 77)
                      ; - jdk.internal.loader.Resource::getByteBuffer@1 (line 163)
                      ; - jdk.internal.loader.BuiltinClassLoader::defineClass@45 (line 853)
  0x000001ea76cb60c0: 1c7e beff | 410f be57 | 3883 fa00 | 4c8b 8c24 | 9800 0000 | 0f85 9603 | 0000 4c8b | d049 c1ea 
  0x000001ea76cb60e0: 0345 8951 | 0c49 8bd1 | 4833 d048 | c1ea 1548 | 83fa 000f | 8597 0300 | 0041 8b51 | 0c48 c1e2 
  0x000001ea76cb6100: 0348 8d84 | 24e0 0000 | 0048 8b30 | 4885 f60f | 840f 0000 | 0048 8b78 | 08f0 480f | b137 0f85 
  0x000001ea76cb6120: 8403 0000 | 4883 fa00 | 0f84 4400 

  0x000001ea76cb612c: ;   {metadata('sun/nio/ByteBuffered')}
  0x000001ea76cb612c: 0000 48b8 | 70dd 0d06 | ea01 0000 | 8b5a 0849 | ba00 0000 | 06ea 0100 | 0049 03da | 483b 4320 
  0x000001ea76cb614c: 0f84 2500 | 0000 483b | d80f 841c | 0000 0053 

  0x000001ea76cb615c: ;   {runtime_call slow_subtype_check Runtime1 stub}
  0x000001ea76cb615c: 50e8 9e1e | c9ff 5b5b | 83fb 000f | 8405 0000 | 00e9 0500 | 0000 4833 | f6eb 0a48 | be01 0000 
  0x000001ea76cb617c: 0000 0000 | 0083 fe00 | 0f84 6700 | 0000 4883 | fa00 0f84 | 4400 0000 

  0x000001ea76cb6194: ;   {metadata('sun/nio/ByteBuffered')}
  0x000001ea76cb6194: 48bb 70dd | 0d06 ea01 | 0000 8b7a | 0849 ba00 | 0000 06ea | 0100 0049 | 03fa 483b | 5f20 0f84 
  0x000001ea76cb61b4: 2000 0000 | 483b fb0f | 8417 0000 

  0x000001ea76cb61c0: ;   {runtime_call slow_subtype_check Runtime1 stub}
  0x000001ea76cb61c0: 0057 53e8 | 381e c9ff | 5f5f 83ff | 000f 84eb | 0200 00e9 | 0000 0000 | 0f1f 4400 | 0048 b8ff 
  0x000001ea76cb61e0: ffff ffff 

  0x000001ea76cb61e4: ;   {virtual_call}
  0x000001ea76cb61e4: ffff ffe8 

  0x000001ea76cb61e8: ; ImmutableOopMap {[160]=Oop [168]=Oop [144]=Oop [152]=Oop }
                      ;*invokeinterface getByteBuffer {reexecute=0 rethrow=0 return_oop=0}
                      ; - jdk.internal.loader.Resource::getByteBuffer@16 (line 165)
                      ; - jdk.internal.loader.BuiltinClassLoader::defineClass@45 (line 853)
  0x000001ea76cb61e8: 94be beff | e90a 0000 

  0x000001ea76cb61f0: ;   {oop(NULL)}
  0x000001ea76cb61f0: 0048 b800 | 0000 0000 | 0000 0048 | 83f8 000f | 84e5 0000 | 0048 8984 | 24b8 0000 | 0048 8b94 
  0x000001ea76cb6210: 2498 0000 | 0048 b8ff | ffff ffff 

  0x000001ea76cb621c: ;   {virtual_call}
  0x000001ea76cb621c: ffff ffe8 

  0x000001ea76cb6220: ; ImmutableOopMap {[160]=Oop [168]=Oop [144]=Oop [184]=Oop }
                      ;*invokevirtual getCodeSigners {reexecute=0 rethrow=0 return_oop=0}
                      ; - jdk.internal.loader.BuiltinClassLoader::defineClass@56 (line 855)
  0x000001ea76cb6220: 5cbe beff 

  0x000001ea76cb6224: ;   {metadata('java/security/CodeSource')}
  0x000001ea76cb6224: 4c8b c848 | bab0 ee00 | 06ea 0100 | 0049 8b87 | 0801 0000 | 488d 7828 | 493b bf18 | 0100 000f 
  0x000001ea76cb6244: 877e 0200 | 0049 89bf | 0801 0000 | 48c7 0001 | 0000 0048 | 8bca 49ba | 0000 0006 | ea01 0000 
  0x000001ea76cb6264: 492b ca89 | 4808 4833 | c989 480c | 4833 c948 | 8948 1048 | 8948 1848 | 8948 204c | 8b84 24a8 
  0x000001ea76cb6284: 0000 0048 | 8bd0 4889 | 8424 c000 | 0000 0f1f 

  0x000001ea76cb6294: ;   {optimized virtual_call}
  0x000001ea76cb6294: 4400 00e8 

  0x000001ea76cb6298: ; ImmutableOopMap {[160]=Oop [144]=Oop [184]=Oop [192]=Oop }
                      ;*invokespecial <init> {reexecute=0 rethrow=0 return_oop=0}
                      ; - jdk.internal.loader.BuiltinClassLoader::defineClass@68 (line 856)
  0x000001ea76cb6298: 64b8 beff | 4c8b 8424 | c000 0000 | 488b 9424 | a000 0000 

  0x000001ea76cb62ac: ;   {optimized virtual_call}
  0x000001ea76cb62ac: 6666 90e8 

  0x000001ea76cb62b0: ; ImmutableOopMap {[160]=Oop [144]=Oop [184]=Oop }
                      ;*invokevirtual getProtectionDomain {reexecute=0 rethrow=0 return_oop=0}
                      ; - java.security.SecureClassLoader::defineClass@5 (line 182)
                      ; - jdk.internal.loader.BuiltinClassLoader::defineClass@79 (line 857)
  0x000001ea76cb62b0: 4cb8 beff | 4c8b 8424 | 9000 0000 | 4c8b 8c24 | b800 0000 | 488b f848 | 8b94 24a0 

  0x000001ea76cb62cc: ;   {optimized virtual_call}
  0x000001ea76cb62cc: 0000 00e8 

  0x000001ea76cb62d0: ; ImmutableOopMap {}
                      ;*invokevirtual defineClass {reexecute=0 rethrow=0 return_oop=0}
                      ; - java.security.SecureClassLoader::defineClass@8 (line 182)
                      ; - jdk.internal.loader.BuiltinClassLoader::defineClass@79 (line 857)
  0x000001ea76cb62d0: 2cb8 beff | 4881 c400 | 0100 005d 

  0x000001ea76cb62dc: ;   {poll_return}
  0x000001ea76cb62dc: 493b a750 | 0300 000f | 87eb 0100 | 00c3 4c8b | 8c24 9800 | 0000 498b | d148 b800 | 32a3 4bea 
  0x000001ea76cb62fc: ;   {virtual_call}
  0x000001ea76cb62fc: 0100 00e8 

  0x000001ea76cb6300: ; ImmutableOopMap {[160]=Oop [144]=Oop [152]=Oop [168]=Oop }
                      ;*invokevirtual getBytes {reexecute=0 rethrow=0 return_oop=0}
                      ; - jdk.internal.loader.BuiltinClassLoader::defineClass@84 (line 859)
  0x000001ea76cb6300: 1c7c beff | 4889 8424 | c800 0000 | 488b 9424 | 9800 0000 | 9048 b840 | 31a3 4bea 

  0x000001ea76cb631c: ;   {virtual_call}
  0x000001ea76cb631c: 0100 00e8 

  0x000001ea76cb6320: ; ImmutableOopMap {[160]=Oop [144]=Oop [168]=Oop [200]=Oop }
                      ;*invokevirtual getCodeSigners {reexecute=0 rethrow=0 return_oop=0}
                      ; - jdk.internal.loader.BuiltinClassLoader::defineClass@90 (line 860)
  0x000001ea76cb6320: 7c7c beff 

  0x000001ea76cb6324: ;   {metadata('java/security/CodeSource')}
  0x000001ea76cb6324: 4c8b c848 | bab0 ee00 | 06ea 0100 | 0049 8b87 | 0801 0000 | 488d 7828 | 493b bf18 | 0100 000f 
  0x000001ea76cb6344: 87a1 0100 | 0049 89bf | 0801 0000 | 48c7 0001 | 0000 0048 | 8bca 49ba | 0000 0006 | ea01 0000 
  0x000001ea76cb6364: 492b ca89 | 4808 4833 | c989 480c | 4833 c948 | 8948 1048 | 8948 1848 | 8948 204c | 8b84 24a8 
  0x000001ea76cb6384: 0000 0048 | 8bd0 4889 | 8424 d000 | 0000 0f1f 

  0x000001ea76cb6394: ;   {optimized virtual_call}
  0x000001ea76cb6394: 4400 00e8 

  0x000001ea76cb6398: ; ImmutableOopMap {[160]=Oop [144]=Oop [200]=Oop [208]=Oop }
                      ;*invokespecial <init> {reexecute=0 rethrow=0 return_oop=0}
                      ; - jdk.internal.loader.BuiltinClassLoader::defineClass@102 (line 861)
  0x000001ea76cb6398: e4bc 0100 | 488b 8424 | c800 0000 

  0x000001ea76cb63a4: ; implicit exception: dispatches to 0x000001ea76cb64f7
  0x000001ea76cb63a4: 8b70 0c4c | 8b84 24d0 | 0000 0048 | 8b94 24a0 | 0000 0089 | b424 d800 

  0x000001ea76cb63bc: ;   {optimized virtual_call}
  0x000001ea76cb63bc: 0000 90e8 

  0x000001ea76cb63c0: ; ImmutableOopMap {[160]=Oop [144]=Oop [200]=Oop }
                      ;*invokevirtual getProtectionDomain {reexecute=0 rethrow=0 return_oop=0}
                      ; - java.security.SecureClassLoader::defineClass@9 (line 150)
                      ; - jdk.internal.loader.BuiltinClassLoader::defineClass@117 (line 862)
  0x000001ea76cb63c0: 9cb6 0100 | 4c8b 8424 | 9000 0000 | 4c8b 8c24 | c800 0000 | bf00 0000 | 008b b424 | d800 0000 
  0x000001ea76cb63e0: 488b c848 | 8b94 24a0 | 0000 000f 

  0x000001ea76cb63ec: ;   {optimized virtual_call}
  0x000001ea76cb63ec: 1f40 00e8 

  0x000001ea76cb63f0: ; ImmutableOopMap {}
                      ;*invokevirtual defineClass {reexecute=0 rethrow=0 return_oop=0}
                      ; - java.security.SecureClassLoader::defineClass@12 (line 150)
                      ; - jdk.internal.loader.BuiltinClassLoader::defineClass@117 (line 862)
  0x000001ea76cb63f0: 8cce 0100 | 4881 c400 | 0100 005d 

  0x000001ea76cb63fc: ;   {poll_return}
  0x000001ea76cb63fc: 493b a750 | 0300 000f | 87f3 0000 | 00c3 498b | 87e0 0300 | 004d 33d2 | 4d89 97e0 | 0300 004d 
  0x000001ea76cb641c: 33d2 4d89 | 97e8 0300 | 0048 8bf0 | 488d 8424 | e000 0000 | 488b 3848 | 85ff 0f84 | 0f00 0000 
  0x000001ea76cb643c: 488b 5808 | f048 0fb1 | 3b0f 85c7 | 0000 0048 | 8bc6 e9f4 

  0x000001ea76cb6450: ;   {runtime_call throw_null_pointer_exception Runtime1 stub}
  0x000001ea76cb6450: 0000 00e8 

  0x000001ea76cb6454: ; ImmutableOopMap {[152]=Oop [160]=Oop rax=Oop [168]=Oop r8=Oop [144]=Oop }
                      ;*invokevirtual lastIndexOf {reexecute=0 rethrow=0 return_oop=0}
                      ; - jdk.internal.loader.BuiltinClassLoader::defineClass@8 (line 845)
  0x000001ea76cb6454: c8e9 c8ff 

  0x000001ea76cb6458: ;   {runtime_call throw_null_pointer_exception Runtime1 stub}
  0x000001ea76cb6458: e8c3 e9c8 

  0x000001ea76cb645c: ; ImmutableOopMap {[152]=Oop [160]=Oop rax=Oop [168]=Oop r8=Oop [144]=Oop rsi=Oop }
                      ;*arraylength {reexecute=0 rethrow=0 return_oop=0}
                      ; - java.lang.String::length@4 (line 1481)
                      ; - java.lang.String::lastIndexOf@3 (line 2451)
                      ; - jdk.internal.loader.BuiltinClassLoader::defineClass@8 (line 845)
  0x000001ea76cb645c: ff4c 894c | 2408 4889 

  0x000001ea76cb6464: ;   {runtime_call monitorenter_nofpu Runtime1 stub}
  0x000001ea76cb6464: 1424 e815 

  0x000001ea76cb6468: ; ImmutableOopMap {[160]=Oop [168]=Oop [144]=Oop r9=Oop [152]=Oop [232]=Oop }
                      ;*synchronization entry
                      ; - jdk.internal.loader.Resource::cachedInputStream@-1 (line 76)
                      ; - jdk.internal.loader.Resource::getByteBuffer@1 (line 163)
                      ; - jdk.internal.loader.BuiltinClassLoader::defineClass@45 (line 853)
  0x000001ea76cb6468: 22c9 ffe9 | 30fc ffff | 418b 510c | 48c1 e203 | 4883 fa00 | 0f84 58fc | ffff 4889 

  0x000001ea76cb6484: ;   {runtime_call g1_pre_barrier_slow}
  0x000001ea76cb6484: 1424 e8f5 | 55c9 ffe9 | 4afc ffff | 4883 f800 | 0f84 5ffc | ffff 4c89 

  0x000001ea76cb649c: ;   {runtime_call g1_post_barrier_slow}
  0x000001ea76cb649c: 0c24 e8dd | 59c9 ffe9 | 51fc ffff | 488d 8424 | e000 0000 | 4889 0424 

  0x000001ea76cb64b4: ;   {runtime_call monitorexit_nofpu Runtime1 stub}
  0x000001ea76cb64b4: e847 28c9 | ffe9 66fc | ffff 4889 

  0x000001ea76cb64c0: ;   {runtime_call throw_class_cast_exception Runtime1 stub}
  0x000001ea76cb64c0: 1424 e859 

  0x000001ea76cb64c4: ; ImmutableOopMap {[160]=Oop [168]=Oop [144]=Oop [152]=Oop }
                      ;*checkcast {reexecute=0 rethrow=0 return_oop=0}
                      ; - jdk.internal.loader.Resource::getByteBuffer@13 (line 165)
                      ; - jdk.internal.loader.BuiltinClassLoader::defineClass@45 (line 853)
  0x000001ea76cb64c4: 15c9 ff48 

  0x000001ea76cb64c8: ;   {runtime_call fast_new_instance Runtime1 stub}
  0x000001ea76cb64c8: 8bd2 e831 

  0x000001ea76cb64cc: ; ImmutableOopMap {[160]=Oop [168]=Oop [144]=Oop [184]=Oop r9=Oop }
                      ;*new {reexecute=0 rethrow=0 return_oop=0}
                      ; - jdk.internal.loader.BuiltinClassLoader::defineClass@61 (line 856)
  0x000001ea76cb64cc: f4c8 ffe9 | abfd ffff 

  0x000001ea76cb64d4: ;   {internal_word}
  0x000001ea76cb64d4: 49ba dc62 | cb76 ea01 | 0000 4d89 | 9768 0300 

  0x000001ea76cb64e4: ;   {runtime_call SafepointBlob}
  0x000001ea76cb64e4: 00e9 962a | bfff 488b 

  0x000001ea76cb64ec: ;   {runtime_call fast_new_instance Runtime1 stub}
  0x000001ea76cb64ec: d2e8 0ef4 

  0x000001ea76cb64f0: ; ImmutableOopMap {[160]=Oop [144]=Oop [168]=Oop [200]=Oop r9=Oop }
                      ;*new {reexecute=0 rethrow=0 return_oop=0}
                      ; - jdk.internal.loader.BuiltinClassLoader::defineClass@95 (line 861)
  0x000001ea76cb64f0: c8ff e988 

  0x000001ea76cb64f4: ;   {runtime_call throw_null_pointer_exception Runtime1 stub}
  0x000001ea76cb64f4: feff ffe8 

  0x000001ea76cb64f8: ; ImmutableOopMap {[160]=Oop [144]=Oop [208]=Oop rax=Oop [200]=Oop }
                      ;*arraylength {reexecute=0 rethrow=0 return_oop=0}
                      ; - jdk.internal.loader.BuiltinClassLoader::defineClass@114 (line 862)
  0x000001ea76cb64f8: 24e9 c8ff 

  0x000001ea76cb64fc: ;   {internal_word}
  0x000001ea76cb64fc: 49ba fc63 | cb76 ea01 | 0000 4d89 | 9768 0300 

  0x000001ea76cb650c: ;   {runtime_call SafepointBlob}
  0x000001ea76cb650c: 00e9 6e2a | bfff 488d | 8424 e000 | 0000 4889 

  0x000001ea76cb651c: ;   {runtime_call monitorexit_nofpu Runtime1 stub}
  0x000001ea76cb651c: 0424 e8dd | 27c9 ffe9 | 23ff ffff | 9090 498b | 87e0 0300 | 0049 c787 | e003 0000 | 0000 0000 
  0x000001ea76cb653c: 49c7 87e8 | 0300 0000 | 0000 0048 | 81c4 0001 

  0x000001ea76cb654c: ;   {runtime_call unwind_exception Runtime1 stub}
  0x000001ea76cb654c: 0000 5de9 | acd9 c8ff | f4f4 f4f4 | f4f4 f4f4 | f4f4 f4f4 
[Stub Code]
  0x000001ea76cb6560: ;   {no_reloc}
  0x000001ea76cb6560: 0f1f 4400 

  0x000001ea76cb6564: ;   {static_stub}
  0x000001ea76cb6564: 0048 bb00 | 0000 0000 

  0x000001ea76cb656c: ;   {runtime_call}
  0x000001ea76cb656c: 0000 00e9 | fbff ffff 

  0x000001ea76cb6574: ;   {static_stub}
  0x000001ea76cb6574: 9048 bb00 | 0000 0000 

  0x000001ea76cb657c: ;   {runtime_call}
  0x000001ea76cb657c: 0000 00e9 | fbff ffff 

  0x000001ea76cb6584: ;   {static_stub}
  0x000001ea76cb6584: 9048 bb00 | 0000 0000 

  0x000001ea76cb658c: ;   {runtime_call}
  0x000001ea76cb658c: 0000 00e9 | fbff ffff 

  0x000001ea76cb6594: ;   {static_stub}
  0x000001ea76cb6594: 9048 bb00 | 0000 0000 

  0x000001ea76cb659c: ;   {runtime_call}
  0x000001ea76cb659c: 0000 00e9 | fbff ffff 

  0x000001ea76cb65a4: ;   {static_stub}
  0x000001ea76cb65a4: 9048 bb00 | 0000 0000 

  0x000001ea76cb65ac: ;   {runtime_call}
  0x000001ea76cb65ac: 0000 00e9 | fbff ffff 

  0x000001ea76cb65b4: ;   {static_stub}
  0x000001ea76cb65b4: 9048 bb00 | 0000 0000 

  0x000001ea76cb65bc: ;   {runtime_call}
  0x000001ea76cb65bc: 0000 00e9 | fbff ffff 

  0x000001ea76cb65c4: ;   {static_stub}
  0x000001ea76cb65c4: 9048 bb00 | 0000 0000 

  0x000001ea76cb65cc: ;   {runtime_call}
  0x000001ea76cb65cc: 0000 00e9 | fbff ffff 

  0x000001ea76cb65d4: ;   {static_stub}
  0x000001ea76cb65d4: 9048 bb00 | 0000 0000 

  0x000001ea76cb65dc: ;   {runtime_call}
  0x000001ea76cb65dc: 0000 00e9 | fbff ffff 

  0x000001ea76cb65e4: ;   {static_stub}
  0x000001ea76cb65e4: 9048 bb00 | 0000 0000 

  0x000001ea76cb65ec: ;   {runtime_call}
  0x000001ea76cb65ec: 0000 00e9 | fbff ffff 

  0x000001ea76cb65f4: ;   {static_stub}
  0x000001ea76cb65f4: 9048 bb00 | 0000 0000 

  0x000001ea76cb65fc: ;   {runtime_call}
  0x000001ea76cb65fc: 0000 00e9 | fbff ffff 

  0x000001ea76cb6604: ;   {static_stub}
  0x000001ea76cb6604: 9048 bb00 | 0000 0000 

  0x000001ea76cb660c: ;   {runtime_call}
  0x000001ea76cb660c: 0000 00e9 | fbff ffff 

  0x000001ea76cb6614: ;   {static_stub}
  0x000001ea76cb6614: 9048 bb00 | 0000 0000 

  0x000001ea76cb661c: ;   {runtime_call}
  0x000001ea76cb661c: 0000 00e9 | fbff ffff 

  0x000001ea76cb6624: ;   {static_stub}
  0x000001ea76cb6624: 9048 bb00 | 0000 0000 

  0x000001ea76cb662c: ;   {runtime_call}
  0x000001ea76cb662c: 0000 00e9 | fbff ffff 

  0x000001ea76cb6634: ;   {static_stub}
  0x000001ea76cb6634: 9048 bb00 | 0000 0000 

  0x000001ea76cb663c: ;   {runtime_call}
  0x000001ea76cb663c: 0000 00e9 | fbff ffff 

  0x000001ea76cb6644: ;   {static_stub}
  0x000001ea76cb6644: 9048 bbc0 | 2c42 06ea 

  0x000001ea76cb664c: ;   {runtime_call I2C/C2I adapters}
  0x000001ea76cb664c: 0100 00e9 | 0d38 bfff 

  0x000001ea76cb6654: ;   {static_stub}
  0x000001ea76cb6654: 9048 bb80 | 4e43 06ea 

  0x000001ea76cb665c: ;   {runtime_call I2C/C2I adapters}
  0x000001ea76cb665c: 0100 00e9 | f90e bfff 

  0x000001ea76cb6664: ;   {static_stub}
  0x000001ea76cb6664: 9048 bbb8 | 0c01 06ea 

  0x000001ea76cb666c: ;   {runtime_call I2C/C2I adapters}
  0x000001ea76cb666c: 0100 00e9 | 771c beff 
[Exception Handler]
  0x000001ea76cb6674: ;   {runtime_call handle_exception_from_callee Runtime1 stub}
  0x000001ea76cb6674: e887 0dc9 

  0x000001ea76cb6678: ;   {external_word}
  0x000001ea76cb6678: ff48 b940 | ea0a edfb | 7f00 0048 

  0x000001ea76cb6684: ;   {runtime_call}
  0x000001ea76cb6684: 83e4 f049 | ba90 53d3 | ecfb 7f00 | 0041 ffd2 

  0x000001ea76cb6694: ;   {section_word}
  0x000001ea76cb6694: f449 ba95 | 66cb 76ea | 0100 0041 

  0x000001ea76cb66a0: ;   {runtime_call DeoptimizationBlob}
  0x000001ea76cb66a0: 52e9 7a3d | bfff f4f4 
[/MachCode]


---------------  P R O C E S S  ---------------

Threads class SMR info:
_java_thread_list=0x000001ea4b6e3e60, length=16, elements={
0x000001ea6ed2ee30, 0x000001ea4b0042e0, 0x000001ea4b004ea0, 0x000001ea4b01b840,
0x000001ea4b01c400, 0x000001ea4b01edd0, 0x000001ea4b021f40, 0x000001ea4b0229b0,
0x000001ea4b0257c0, 0x000001ea7fa4d810, 0x000001ea7fa4df80, 0x000001ea4b10dd30,
0x000001ea4b10e300, 0x000001ea4b3f38e0, 0x000001ea4b5da700, 0x000001ea4b74cdf0
}

Java Threads: ( => current thread )
=>0x000001ea6ed2ee30 JavaThread "main" [_thread_in_vm, id=23448, stack(0x000000acfa500000,0x000000acfa600000)]
  0x000001ea4b0042e0 JavaThread "Reference Handler" daemon [_thread_blocked, id=22100, stack(0x000000acfac00000,0x000000acfad00000)]
  0x000001ea4b004ea0 JavaThread "Finalizer" daemon [_thread_blocked, id=18540, stack(0x000000acfad00000,0x000000acfae00000)]
  0x000001ea4b01b840 JavaThread "Signal Dispatcher" daemon [_thread_blocked, id=19792, stack(0x000000acfae00000,0x000000acfaf00000)]
  0x000001ea4b01c400 JavaThread "Attach Listener" daemon [_thread_blocked, id=13628, stack(0x000000acfaf00000,0x000000acfb000000)]
  0x000001ea4b01edd0 JavaThread "Service Thread" daemon [_thread_blocked, id=12544, stack(0x000000acfb000000,0x000000acfb100000)]
  0x000001ea4b021f40 JavaThread "Monitor Deflation Thread" daemon [_thread_blocked, id=23540, stack(0x000000acfb100000,0x000000acfb200000)]
  0x000001ea4b0229b0 JavaThread "C1 CompilerThread0" daemon [_thread_blocked, id=16196, stack(0x000000acfb200000,0x000000acfb300000)]
  0x000001ea4b0257c0 JavaThread "Sweeper thread" daemon [_thread_blocked, id=9388, stack(0x000000acfb300000,0x000000acfb400000)]
  0x000001ea7fa4d810 JavaThread "Common-Cleaner" daemon [_thread_blocked, id=804, stack(0x000000acfb400000,0x000000acfb500000)]
  0x000001ea7fa4df80 JavaThread "C1 CompilerThread1" daemon [_thread_blocked, id=2512, stack(0x000000acfb500000,0x000000acfb600000)]
  0x000001ea4b10dd30 JavaThread "C1 CompilerThread2" daemon [_thread_blocked, id=23488, stack(0x000000acfb600000,0x000000acfb700000)]
  0x000001ea4b10e300 JavaThread "C1 CompilerThread3" daemon [_thread_blocked, id=20260, stack(0x000000acfb700000,0x000000acfb800000)]
  0x000001ea4b3f38e0 JavaThread "Monitor Ctrl-Break" daemon [_thread_in_native, id=22772, stack(0x000000acfb800000,0x000000acfb900000)]
  0x000001ea4b5da700 JavaThread "Notification Thread" daemon [_thread_blocked, id=11396, stack(0x000000acfb900000,0x000000acfba00000)]
  0x000001ea4b74cdf0 JavaThread "RMI TCP Accept-0" daemon [_thread_in_native, id=21316, stack(0x000000acfba00000,0x000000acfbb00000)]

Other Threads:
  0x000001ea7fa5e520 VMThread "VM Thread" [stack: 0x000000acfab00000,0x000000acfac00000] [id=19296]
  0x000001ea6ed2fcb0 WatcherThread [stack: 0x000000acfbb00000,0x000000acfbc00000] [id=20216]
  0x000001ea6ed9d300 GCTaskThread "GC Thread#0" [stack: 0x000000acfa600000,0x000000acfa700000] [id=10760]
  0x000001ea4ba29ef0 GCTaskThread "GC Thread#1" [stack: 0x000000acfbc00000,0x000000acfbd00000] [id=10892]
  0x000001ea4ba94d80 GCTaskThread "GC Thread#2" [stack: 0x000000acfbd00000,0x000000acfbe00000] [id=11368]
  0x000001ea4ba95040 GCTaskThread "GC Thread#3" [stack: 0x000000acfbe00000,0x000000acfbf00000] [id=11472]
  0x000001ea4ba95300 GCTaskThread "GC Thread#4" [stack: 0x000000acfbf00000,0x000000acfc000000] [id=7164]
  0x000001ea4bac5a20 GCTaskThread "GC Thread#5" [stack: 0x000000acfc000000,0x000000acfc100000] [id=17276]
  0x000001ea4bb04b00 GCTaskThread "GC Thread#6" [stack: 0x000000acfc100000,0x000000acfc200000] [id=23340]
  0x000001ea6edadee0 ConcurrentGCThread "G1 Main Marker" [stack: 0x000000acfa700000,0x000000acfa800000] [id=23208]
  0x000001ea6edae900 ConcurrentGCThread "G1 Conc#0" [stack: 0x000000acfa800000,0x000000acfa900000] [id=8368]
  0x000001ea6edce8c0 ConcurrentGCThread "G1 Refine#0" [stack: 0x000000acfa900000,0x000000acfaa00000] [id=19196]
  0x000001ea4baddfa0 ConcurrentGCThread "G1 Refine#1" [stack: 0x000000acfc200000,0x000000acfc300000] [id=10484]
  0x000001ea7f918410 ConcurrentGCThread "G1 Service" [stack: 0x000000acfaa00000,0x000000acfab00000] [id=11796]

Threads with active compile tasks:

VM state: not at safepoint (normal execution)

VM Mutex/Monitor currently owned by a thread:  ([mutex/lock_event])
[0x000001ea6ed19050] Metaspace_lock - owner thread: 0x000001ea6ed2ee30

Heap address: 0x0000000703600000, size: 4042 MB, Compressed Oops mode: Zero based, Oop shift amount: 3

CDS archive(s) mapped at: [0x000001ea06000000-0x000001ea06bb0000-0x000001ea06bb0000), size 12255232, SharedBaseAddress: 0x000001ea06000000, ArchiveRelocationMode: 1.
Compressed class space mapped at: 0x000001ea07000000-0x000001ea47000000, reserved size: 1073741824
Narrow klass base: 0x000001ea06000000, Narrow klass shift: 0, Narrow klass range: 0x100000000

GC Precious Log:
 CPUs: 8 total, 8 available
 Memory: 16167M
 Large Page Support: Disabled
 NUMA Support: Disabled
 Compressed Oops: Enabled (Zero based)
 Heap Region Size: 2M
 Heap Min Capacity: 8M
 Heap Initial Capacity: 254M
 Heap Max Capacity: 4042M
 Pre-touch: Disabled
 Parallel Workers: 8
 Concurrent Workers: 2
 Concurrent Refinement Workers: 8
 Periodic GC: Disabled

Heap:
 garbage-first heap   total 260096K, used 9354K [0x0000000703600000, 0x0000000800000000)
  region size 2048K, 4 young (8192K), 2 survivors (4096K)
 Metaspace       used 7592K, committed 7808K, reserved 1114112K
  class space    used 972K, committed 1088K, reserved 1048576K

Heap Regions: E=young(eden), S=young(survivor), O=old, HS=humongous(starts), HC=humongous(continues), CS=collection set, F=free, OA=open archive, CA=closed archive, TAMS=top-at-mark-start (previous, next)
|   0|0x0000000703600000, 0x0000000703800000, 0x0000000703800000|100%| O|  |TAMS 0x0000000703600000, 0x0000000703600000| Untracked 
|   1|0x0000000703800000, 0x0000000703922800, 0x0000000703a00000| 56%| O|  |TAMS 0x0000000703800000, 0x0000000703800000| Untracked 
|   2|0x0000000703a00000, 0x0000000703a00000, 0x0000000703c00000|  0%| F|  |TAMS 0x0000000703a00000, 0x0000000703a00000| Untracked 
|   3|0x0000000703c00000, 0x0000000703c00000, 0x0000000703e00000|  0%| F|  |TAMS 0x0000000703c00000, 0x0000000703c00000| Untracked 
|   4|0x0000000703e00000, 0x0000000703e00000, 0x0000000704000000|  0%| F|  |TAMS 0x0000000703e00000, 0x0000000703e00000| Untracked 
|   5|0x0000000704000000, 0x0000000704000000, 0x0000000704200000|  0%| F|  |TAMS 0x0000000704000000, 0x0000000704000000| Untracked 
|   6|0x0000000704200000, 0x0000000704200000, 0x0000000704400000|  0%| F|  |TAMS 0x0000000704200000, 0x0000000704200000| Untracked 
|   7|0x0000000704400000, 0x0000000704400000, 0x0000000704600000|  0%| F|  |TAMS 0x0000000704400000, 0x0000000704400000| Untracked 
|   8|0x0000000704600000, 0x0000000704600000, 0x0000000704800000|  0%| F|  |TAMS 0x0000000704600000, 0x0000000704600000| Untracked 
|   9|0x0000000704800000, 0x0000000704800000, 0x0000000704a00000|  0%| F|  |TAMS 0x0000000704800000, 0x0000000704800000| Untracked 
|  10|0x0000000704a00000, 0x0000000704a00000, 0x0000000704c00000|  0%| F|  |TAMS 0x0000000704a00000, 0x0000000704a00000| Untracked 
|  11|0x0000000704c00000, 0x0000000704c00000, 0x0000000704e00000|  0%| F|  |TAMS 0x0000000704c00000, 0x0000000704c00000| Untracked 
|  12|0x0000000704e00000, 0x0000000704e00000, 0x0000000705000000|  0%| F|  |TAMS 0x0000000704e00000, 0x0000000704e00000| Untracked 
|  13|0x0000000705000000, 0x0000000705000000, 0x0000000705200000|  0%| F|  |TAMS 0x0000000705000000, 0x0000000705000000| Untracked 
|  14|0x0000000705200000, 0x0000000705200000, 0x0000000705400000|  0%| F|  |TAMS 0x0000000705200000, 0x0000000705200000| Untracked 
|  15|0x0000000705400000, 0x0000000705400000, 0x0000000705600000|  0%| F|  |TAMS 0x0000000705400000, 0x0000000705400000| Untracked 
|  16|0x0000000705600000, 0x0000000705600000, 0x0000000705800000|  0%| F|  |TAMS 0x0000000705600000, 0x0000000705600000| Untracked 
|  17|0x0000000705800000, 0x0000000705800000, 0x0000000705a00000|  0%| F|  |TAMS 0x0000000705800000, 0x0000000705800000| Untracked 
|  18|0x0000000705a00000, 0x0000000705a00000, 0x0000000705c00000|  0%| F|  |TAMS 0x0000000705a00000, 0x0000000705a00000| Untracked 
|  19|0x0000000705c00000, 0x0000000705c00000, 0x0000000705e00000|  0%| F|  |TAMS 0x0000000705c00000, 0x0000000705c00000| Untracked 
|  20|0x0000000705e00000, 0x0000000705e00000, 0x0000000706000000|  0%| F|  |TAMS 0x0000000705e00000, 0x0000000705e00000| Untracked 
|  21|0x0000000706000000, 0x0000000706000000, 0x0000000706200000|  0%| F|  |TAMS 0x0000000706000000, 0x0000000706000000| Untracked 
|  22|0x0000000706200000, 0x0000000706200000, 0x0000000706400000|  0%| F|  |TAMS 0x0000000706200000, 0x0000000706200000| Untracked 
|  23|0x0000000706400000, 0x0000000706400000, 0x0000000706600000|  0%| F|  |TAMS 0x0000000706400000, 0x0000000706400000| Untracked 
|  24|0x0000000706600000, 0x0000000706600000, 0x0000000706800000|  0%| F|  |TAMS 0x0000000706600000, 0x0000000706600000| Untracked 
|  25|0x0000000706800000, 0x0000000706800000, 0x0000000706a00000|  0%| F|  |TAMS 0x0000000706800000, 0x0000000706800000| Untracked 
|  26|0x0000000706a00000, 0x0000000706a00000, 0x0000000706c00000|  0%| F|  |TAMS 0x0000000706a00000, 0x0000000706a00000| Untracked 
|  27|0x0000000706c00000, 0x0000000706c00000, 0x0000000706e00000|  0%| F|  |TAMS 0x0000000706c00000, 0x0000000706c00000| Untracked 
|  28|0x0000000706e00000, 0x0000000706e00000, 0x0000000707000000|  0%| F|  |TAMS 0x0000000706e00000, 0x0000000706e00000| Untracked 
|  29|0x0000000707000000, 0x0000000707000000, 0x0000000707200000|  0%| F|  |TAMS 0x0000000707000000, 0x0000000707000000| Untracked 
|  30|0x0000000707200000, 0x0000000707200000, 0x0000000707400000|  0%| F|  |TAMS 0x0000000707200000, 0x0000000707200000| Untracked 
|  31|0x0000000707400000, 0x0000000707400000, 0x0000000707600000|  0%| F|  |TAMS 0x0000000707400000, 0x0000000707400000| Untracked 
|  32|0x0000000707600000, 0x0000000707600000, 0x0000000707800000|  0%| F|  |TAMS 0x0000000707600000, 0x0000000707600000| Untracked 
|  33|0x0000000707800000, 0x0000000707800000, 0x0000000707a00000|  0%| F|  |TAMS 0x0000000707800000, 0x0000000707800000| Untracked 
|  34|0x0000000707a00000, 0x0000000707a00000, 0x0000000707c00000|  0%| F|  |TAMS 0x0000000707a00000, 0x0000000707a00000| Untracked 
|  35|0x0000000707c00000, 0x0000000707c00000, 0x0000000707e00000|  0%| F|  |TAMS 0x0000000707c00000, 0x0000000707c00000| Untracked 
|  36|0x0000000707e00000, 0x0000000707e00000, 0x0000000708000000|  0%| F|  |TAMS 0x0000000707e00000, 0x0000000707e00000| Untracked 
|  37|0x0000000708000000, 0x0000000708000000, 0x0000000708200000|  0%| F|  |TAMS 0x0000000708000000, 0x0000000708000000| Untracked 
|  38|0x0000000708200000, 0x0000000708200000, 0x0000000708400000|  0%| F|  |TAMS 0x0000000708200000, 0x0000000708200000| Untracked 
|  39|0x0000000708400000, 0x0000000708400000, 0x0000000708600000|  0%| F|  |TAMS 0x0000000708400000, 0x0000000708400000| Untracked 
|  40|0x0000000708600000, 0x0000000708600000, 0x0000000708800000|  0%| F|  |TAMS 0x0000000708600000, 0x0000000708600000| Untracked 
|  41|0x0000000708800000, 0x0000000708800000, 0x0000000708a00000|  0%| F|  |TAMS 0x0000000708800000, 0x0000000708800000| Untracked 
|  42|0x0000000708a00000, 0x0000000708a00000, 0x0000000708c00000|  0%| F|  |TAMS 0x0000000708a00000, 0x0000000708a00000| Untracked 
|  43|0x0000000708c00000, 0x0000000708c00000, 0x0000000708e00000|  0%| F|  |TAMS 0x0000000708c00000, 0x0000000708c00000| Untracked 
|  44|0x0000000708e00000, 0x0000000708e00000, 0x0000000709000000|  0%| F|  |TAMS 0x0000000708e00000, 0x0000000708e00000| Untracked 
|  45|0x0000000709000000, 0x0000000709000000, 0x0000000709200000|  0%| F|  |TAMS 0x0000000709000000, 0x0000000709000000| Untracked 
|  46|0x0000000709200000, 0x0000000709200000, 0x0000000709400000|  0%| F|  |TAMS 0x0000000709200000, 0x0000000709200000| Untracked 
|  47|0x0000000709400000, 0x0000000709400000, 0x0000000709600000|  0%| F|  |TAMS 0x0000000709400000, 0x0000000709400000| Untracked 
|  48|0x0000000709600000, 0x0000000709600000, 0x0000000709800000|  0%| F|  |TAMS 0x0000000709600000, 0x0000000709600000| Untracked 
|  49|0x0000000709800000, 0x0000000709800000, 0x0000000709a00000|  0%| F|  |TAMS 0x0000000709800000, 0x0000000709800000| Untracked 
|  50|0x0000000709a00000, 0x0000000709a00000, 0x0000000709c00000|  0%| F|  |TAMS 0x0000000709a00000, 0x0000000709a00000| Untracked 
|  51|0x0000000709c00000, 0x0000000709c00000, 0x0000000709e00000|  0%| F|  |TAMS 0x0000000709c00000, 0x0000000709c00000| Untracked 
|  52|0x0000000709e00000, 0x0000000709e00000, 0x000000070a000000|  0%| F|  |TAMS 0x0000000709e00000, 0x0000000709e00000| Untracked 
|  53|0x000000070a000000, 0x000000070a000000, 0x000000070a200000|  0%| F|  |TAMS 0x000000070a000000, 0x000000070a000000| Untracked 
|  54|0x000000070a200000, 0x000000070a200000, 0x000000070a400000|  0%| F|  |TAMS 0x000000070a200000, 0x000000070a200000| Untracked 
|  55|0x000000070a400000, 0x000000070a400000, 0x000000070a600000|  0%| F|  |TAMS 0x000000070a400000, 0x000000070a400000| Untracked 
|  56|0x000000070a600000, 0x000000070a600000, 0x000000070a800000|  0%| F|  |TAMS 0x000000070a600000, 0x000000070a600000| Untracked 
|  57|0x000000070a800000, 0x000000070a800000, 0x000000070aa00000|  0%| F|  |TAMS 0x000000070a800000, 0x000000070a800000| Untracked 
|  58|0x000000070aa00000, 0x000000070aa00000, 0x000000070ac00000|  0%| F|  |TAMS 0x000000070aa00000, 0x000000070aa00000| Untracked 
|  59|0x000000070ac00000, 0x000000070ac00000, 0x000000070ae00000|  0%| F|  |TAMS 0x000000070ac00000, 0x000000070ac00000| Untracked 
|  60|0x000000070ae00000, 0x000000070ae00000, 0x000000070b000000|  0%| F|  |TAMS 0x000000070ae00000, 0x000000070ae00000| Untracked 
|  61|0x000000070b000000, 0x000000070b000000, 0x000000070b200000|  0%| F|  |TAMS 0x000000070b000000, 0x000000070b000000| Untracked 
|  62|0x000000070b200000, 0x000000070b200000, 0x000000070b400000|  0%| F|  |TAMS 0x000000070b200000, 0x000000070b200000| Untracked 
|  63|0x000000070b400000, 0x000000070b400000, 0x000000070b600000|  0%| F|  |TAMS 0x000000070b400000, 0x000000070b400000| Untracked 
|  64|0x000000070b600000, 0x000000070b600000, 0x000000070b800000|  0%| F|  |TAMS 0x000000070b600000, 0x000000070b600000| Untracked 
|  65|0x000000070b800000, 0x000000070b800000, 0x000000070ba00000|  0%| F|  |TAMS 0x000000070b800000, 0x000000070b800000| Untracked 
|  66|0x000000070ba00000, 0x000000070ba00000, 0x000000070bc00000|  0%| F|  |TAMS 0x000000070ba00000, 0x000000070ba00000| Untracked 
|  67|0x000000070bc00000, 0x000000070bc00000, 0x000000070be00000|  0%| F|  |TAMS 0x000000070bc00000, 0x000000070bc00000| Untracked 
|  68|0x000000070be00000, 0x000000070be00000, 0x000000070c000000|  0%| F|  |TAMS 0x000000070be00000, 0x000000070be00000| Untracked 
|  69|0x000000070c000000, 0x000000070c000000, 0x000000070c200000|  0%| F|  |TAMS 0x000000070c000000, 0x000000070c000000| Untracked 
|  70|0x000000070c200000, 0x000000070c200000, 0x000000070c400000|  0%| F|  |TAMS 0x000000070c200000, 0x000000070c200000| Untracked 
|  71|0x000000070c400000, 0x000000070c400000, 0x000000070c600000|  0%| F|  |TAMS 0x000000070c400000, 0x000000070c400000| Untracked 
|  72|0x000000070c600000, 0x000000070c600000, 0x000000070c800000|  0%| F|  |TAMS 0x000000070c600000, 0x000000070c600000| Untracked 
|  73|0x000000070c800000, 0x000000070c800000, 0x000000070ca00000|  0%| F|  |TAMS 0x000000070c800000, 0x000000070c800000| Untracked 
|  74|0x000000070ca00000, 0x000000070ca00000, 0x000000070cc00000|  0%| F|  |TAMS 0x000000070ca00000, 0x000000070ca00000| Untracked 
|  75|0x000000070cc00000, 0x000000070cc00000, 0x000000070ce00000|  0%| F|  |TAMS 0x000000070cc00000, 0x000000070cc00000| Untracked 
|  76|0x000000070ce00000, 0x000000070ce00000, 0x000000070d000000|  0%| F|  |TAMS 0x000000070ce00000, 0x000000070ce00000| Untracked 
|  77|0x000000070d000000, 0x000000070d000000, 0x000000070d200000|  0%| F|  |TAMS 0x000000070d000000, 0x000000070d000000| Untracked 
|  78|0x000000070d200000, 0x000000070d200000, 0x000000070d400000|  0%| F|  |TAMS 0x000000070d200000, 0x000000070d200000| Untracked 
|  79|0x000000070d400000, 0x000000070d400000, 0x000000070d600000|  0%| F|  |TAMS 0x000000070d400000, 0x000000070d400000| Untracked 
|  80|0x000000070d600000, 0x000000070d600000, 0x000000070d800000|  0%| F|  |TAMS 0x000000070d600000, 0x000000070d600000| Untracked 
|  81|0x000000070d800000, 0x000000070d800000, 0x000000070da00000|  0%| F|  |TAMS 0x000000070d800000, 0x000000070d800000| Untracked 
|  82|0x000000070da00000, 0x000000070da00000, 0x000000070dc00000|  0%| F|  |TAMS 0x000000070da00000, 0x000000070da00000| Untracked 
|  83|0x000000070dc00000, 0x000000070dc00000, 0x000000070de00000|  0%| F|  |TAMS 0x000000070dc00000, 0x000000070dc00000| Untracked 
|  84|0x000000070de00000, 0x000000070de00000, 0x000000070e000000|  0%| F|  |TAMS 0x000000070de00000, 0x000000070de00000| Untracked 
|  85|0x000000070e000000, 0x000000070e000000, 0x000000070e200000|  0%| F|  |TAMS 0x000000070e000000, 0x000000070e000000| Untracked 
|  86|0x000000070e200000, 0x000000070e200000, 0x000000070e400000|  0%| F|  |TAMS 0x000000070e200000, 0x000000070e200000| Untracked 
|  87|0x000000070e400000, 0x000000070e400000, 0x000000070e600000|  0%| F|  |TAMS 0x000000070e400000, 0x000000070e400000| Untracked 
|  88|0x000000070e600000, 0x000000070e600000, 0x000000070e800000|  0%| F|  |TAMS 0x000000070e600000, 0x000000070e600000| Untracked 
|  89|0x000000070e800000, 0x000000070e800000, 0x000000070ea00000|  0%| F|  |TAMS 0x000000070e800000, 0x000000070e800000| Untracked 
|  90|0x000000070ea00000, 0x000000070ea00000, 0x000000070ec00000|  0%| F|  |TAMS 0x000000070ea00000, 0x000000070ea00000| Untracked 
|  91|0x000000070ec00000, 0x000000070ec00000, 0x000000070ee00000|  0%| F|  |TAMS 0x000000070ec00000, 0x000000070ec00000| Untracked 
|  92|0x000000070ee00000, 0x000000070ee00000, 0x000000070f000000|  0%| F|  |TAMS 0x000000070ee00000, 0x000000070ee00000| Untracked 
|  93|0x000000070f000000, 0x000000070f000000, 0x000000070f200000|  0%| F|  |TAMS 0x000000070f000000, 0x000000070f000000| Untracked 
|  94|0x000000070f200000, 0x000000070f200000, 0x000000070f400000|  0%| F|  |TAMS 0x000000070f200000, 0x000000070f200000| Untracked 
|  95|0x000000070f400000, 0x000000070f400000, 0x000000070f600000|  0%| F|  |TAMS 0x000000070f400000, 0x000000070f400000| Untracked 
|  96|0x000000070f600000, 0x000000070f600000, 0x000000070f800000|  0%| F|  |TAMS 0x000000070f600000, 0x000000070f600000| Untracked 
|  97|0x000000070f800000, 0x000000070f800000, 0x000000070fa00000|  0%| F|  |TAMS 0x000000070f800000, 0x000000070f800000| Untracked 
|  98|0x000000070fa00000, 0x000000070fa00000, 0x000000070fc00000|  0%| F|  |TAMS 0x000000070fa00000, 0x000000070fa00000| Untracked 
|  99|0x000000070fc00000, 0x000000070fc00000, 0x000000070fe00000|  0%| F|  |TAMS 0x000000070fc00000, 0x000000070fc00000| Untracked 
| 100|0x000000070fe00000, 0x000000070fe00000, 0x0000000710000000|  0%| F|  |TAMS 0x000000070fe00000, 0x000000070fe00000| Untracked 
| 101|0x0000000710000000, 0x0000000710000000, 0x0000000710200000|  0%| F|  |TAMS 0x0000000710000000, 0x0000000710000000| Untracked 
| 102|0x0000000710200000, 0x0000000710200000, 0x0000000710400000|  0%| F|  |TAMS 0x0000000710200000, 0x0000000710200000| Untracked 
| 103|0x0000000710400000, 0x0000000710400000, 0x0000000710600000|  0%| F|  |TAMS 0x0000000710400000, 0x0000000710400000| Untracked 
| 104|0x0000000710600000, 0x0000000710600000, 0x0000000710800000|  0%| F|  |TAMS 0x0000000710600000, 0x0000000710600000| Untracked 
| 105|0x0000000710800000, 0x0000000710800000, 0x0000000710a00000|  0%| F|  |TAMS 0x0000000710800000, 0x0000000710800000| Untracked 
| 106|0x0000000710a00000, 0x0000000710a00000, 0x0000000710c00000|  0%| F|  |TAMS 0x0000000710a00000, 0x0000000710a00000| Untracked 
| 107|0x0000000710c00000, 0x0000000710c00000, 0x0000000710e00000|  0%| F|  |TAMS 0x0000000710c00000, 0x0000000710c00000| Untracked 
| 108|0x0000000710e00000, 0x0000000710e00000, 0x0000000711000000|  0%| F|  |TAMS 0x0000000710e00000, 0x0000000710e00000| Untracked 
| 109|0x0000000711000000, 0x0000000711000000, 0x0000000711200000|  0%| F|  |TAMS 0x0000000711000000, 0x0000000711000000| Untracked 
| 110|0x0000000711200000, 0x0000000711200000, 0x0000000711400000|  0%| F|  |TAMS 0x0000000711200000, 0x0000000711200000| Untracked 
| 111|0x0000000711400000, 0x0000000711400000, 0x0000000711600000|  0%| F|  |TAMS 0x0000000711400000, 0x0000000711400000| Untracked 
| 112|0x0000000711600000, 0x0000000711600000, 0x0000000711800000|  0%| F|  |TAMS 0x0000000711600000, 0x0000000711600000| Untracked 
| 113|0x0000000711800000, 0x0000000711800000, 0x0000000711a00000|  0%| F|  |TAMS 0x0000000711800000, 0x0000000711800000| Untracked 
| 114|0x0000000711a00000, 0x0000000711c00000, 0x0000000711c00000|100%| S|CS|TAMS 0x0000000711a00000, 0x0000000711a00000| Complete 
| 115|0x0000000711c00000, 0x0000000711e00000, 0x0000000711e00000|100%| S|CS|TAMS 0x0000000711c00000, 0x0000000711c00000| Complete 
| 116|0x0000000711e00000, 0x0000000711e00000, 0x0000000712000000|  0%| F|  |TAMS 0x0000000711e00000, 0x0000000711e00000| Untracked 
| 117|0x0000000712000000, 0x0000000712000000, 0x0000000712200000|  0%| F|  |TAMS 0x0000000712000000, 0x0000000712000000| Untracked 
| 118|0x0000000712200000, 0x0000000712200000, 0x0000000712400000|  0%| F|  |TAMS 0x0000000712200000, 0x0000000712200000| Untracked 
| 119|0x0000000712400000, 0x0000000712400000, 0x0000000712600000|  0%| F|  |TAMS 0x0000000712400000, 0x0000000712400000| Untracked 
| 120|0x0000000712600000, 0x0000000712600000, 0x0000000712800000|  0%| F|  |TAMS 0x0000000712600000, 0x0000000712600000| Untracked 
| 121|0x0000000712800000, 0x0000000712800000, 0x0000000712a00000|  0%| F|  |TAMS 0x0000000712800000, 0x0000000712800000| Untracked 
| 122|0x0000000712a00000, 0x0000000712a00000, 0x0000000712c00000|  0%| F|  |TAMS 0x0000000712a00000, 0x0000000712a00000| Untracked 
| 123|0x0000000712c00000, 0x0000000712c00000, 0x0000000712e00000|  0%| F|  |TAMS 0x0000000712c00000, 0x0000000712c00000| Untracked 
| 124|0x0000000712e00000, 0x0000000712e00000, 0x0000000713000000|  0%| F|  |TAMS 0x0000000712e00000, 0x0000000712e00000| Untracked 
| 125|0x0000000713000000, 0x0000000713200000, 0x0000000713200000|100%| E|  |TAMS 0x0000000713000000, 0x0000000713000000| Complete 
| 126|0x0000000713200000, 0x0000000713400000, 0x0000000713400000|100%| E|CS|TAMS 0x0000000713200000, 0x0000000713200000| Complete 

Card table byte_map: [0x000001ea7a150000,0x000001ea7a940000] _byte_map_base: 0x000001ea76935000

Marking Bits (Prev, Next): (CMBitMap*) 0x000001ea6ed9d920, (CMBitMap*) 0x000001ea6ed9d960
 Prev Bits: [0x000001ea7b130000, 0x000001ea7f058000)
 Next Bits: [0x000001ea00000000, 0x000001ea03f28000)

Polling page: 0x000001ea6ccf0000

Metaspace:

Usage:
  Non-class:      6.46 MB used.
      Class:    972.84 KB used.
       Both:      7.41 MB used.

Virtual space:
  Non-class space:       64.00 MB reserved,       6.56 MB ( 10%) committed,  1 nodes.
      Class space:        1.00 GB reserved,       1.06 MB ( <1%) committed,  1 nodes.
             Both:        1.06 GB reserved,       7.62 MB ( <1%) committed. 

Chunk freelists:
   Non-Class:  8.80 MB
       Class:  14.91 MB
        Both:  23.71 MB

MaxMetaspaceSize: unlimited
CompressedClassSpaceSize: 1.00 GB
Initial GC threshold: 21.00 MB
Current GC threshold: 21.00 MB
CDS: on
MetaspaceReclaimPolicy: balanced
 - commit_granule_bytes: 65536.
 - commit_granule_words: 8192.
 - virtual_space_node_default_size: 8388608.
 - enlarge_chunks_in_place: 1.
 - new_chunks_are_fully_committed: 0.
 - uncommit_free_chunks: 1.
 - use_allocation_guard: 0.
 - handle_deallocations: 1.


Internal statistics:

num_allocs_failed_limit: 0.
num_arena_births: 132.
num_arena_deaths: 0.
num_vsnodes_births: 2.
num_vsnodes_deaths: 0.
num_space_committed: 122.
num_space_uncommitted: 0.
num_chunks_returned_to_freelist: 0.
num_chunks_taken_from_freelist: 270.
num_chunk_merges: 0.
num_chunk_splits: 175.
num_chunks_enlarged: 119.
num_inconsistent_stats: 0.

CodeCache: size=49152Kb used=4678Kb max_used=4678Kb free=44473Kb
 bounds [0x000001ea76850000, 0x000001ea76cf0000, 0x000001ea79850000]
 total_blobs=1744 nmethods=1290 adapters=379
 compilation: enabled
              stopped_count=0, restarted_count=0
 full_count=0

Compilation events (20 events):
Event: 0.925 Thread 0x000001ea4b10e300 1282       1       sun.reflect.generics.tree.SimpleClassTypeSignature::getDollar (5 bytes)
Event: 0.925 Thread 0x000001ea4b10e300 nmethod 1282 0x000001ea76cdea90 code [0x000001ea76cdec20, 0x000001ea76cdecf8]
Event: 0.925 Thread 0x000001ea4b10dd30 nmethod 1281 0x000001ea76cded90 code [0x000001ea76cdef20, 0x000001ea76cdeff8]
Event: 0.925 Thread 0x000001ea4b0229b0 nmethod 1280 0x000001ea76cdf090 code [0x000001ea76cdf220, 0x000001ea76cdf2f8]
Event: 0.926 Thread 0x000001ea4b10dd30 1283       1       java.util.ArrayList::toArray (57 bytes)
Event: 0.927 Thread 0x000001ea4b0229b0 1284       1       java.util.jar.JarFile$JarFileEntry::getRealName (5 bytes)
Event: 0.927 Thread 0x000001ea4b10dd30 nmethod 1283 0x000001ea76cdf390 code [0x000001ea76cdf540, 0x000001ea76cdf878]
Event: 0.927 Thread 0x000001ea4b0229b0 nmethod 1284 0x000001ea76cdf990 code [0x000001ea76cdfb20, 0x000001ea76cdfbf8]
Event: 0.927 Thread 0x000001ea4b10e300 1285       1       java.util.RegularEnumSet::contains (57 bytes)
Event: 0.927 Thread 0x000001ea7fa4df80 1286   !   1       org.springframework.util.ConcurrentReferenceHashMap$Segment::clear (69 bytes)
Event: 0.928 Thread 0x000001ea4b10e300 nmethod 1285 0x000001ea76cdfc90 code [0x000001ea76cdfe40, 0x000001ea76ce0068]
Event: 0.928 Thread 0x000001ea7fa4df80 nmethod 1286 0x000001ea76ce0190 code [0x000001ea76ce03a0, 0x000001ea76ce0848]
Event: 0.928 Thread 0x000001ea4b0229b0 1287       1       java.lang.invoke.DirectMethodHandle::allocateInstance (16 bytes)
Event: 0.928 Thread 0x000001ea7fa4df80 1288       1       java.lang.invoke.DirectMethodHandle::constructorMethod (10 bytes)
Event: 0.928 Thread 0x000001ea4b10dd30 1289       1       java.util.Collections$1::hasNext (5 bytes)
Event: 0.928 Thread 0x000001ea7fa4df80 nmethod 1288 0x000001ea76ce0b90 code [0x000001ea76ce0d20, 0x000001ea76ce0e18]
Event: 0.928 Thread 0x000001ea4b0229b0 nmethod 1287 0x000001ea76ce0f10 code [0x000001ea76ce10a0, 0x000001ea76ce11a8]
Event: 0.928 Thread 0x000001ea4b10dd30 nmethod 1289 0x000001ea76ce1290 code [0x000001ea76ce1420, 0x000001ea76ce14f8]
Event: 0.929 Thread 0x000001ea7fa4df80 1290       1       org.springframework.core.ResolvableType::resolve (5 bytes)
Event: 0.929 Thread 0x000001ea7fa4df80 nmethod 1290 0x000001ea76ce1590 code [0x000001ea76ce1720, 0x000001ea76ce17f8]

GC Heap History (2 events):
Event: 0.834 GC heap before
{Heap before GC invocations=0 (full 0):
 garbage-first heap   total 260096K, used 20480K [0x0000000703600000, 0x0000000800000000)
  region size 2048K, 11 young (22528K), 0 survivors (0K)
 Metaspace       used 6722K, committed 6912K, reserved 1114112K
  class space    used 853K, committed 896K, reserved 1048576K
}
Event: 0.843 GC heap after
{Heap after GC invocations=1 (full 0):
 garbage-first heap   total 260096K, used 7306K [0x0000000703600000, 0x0000000800000000)
  region size 2048K, 2 young (4096K), 2 survivors (4096K)
 Metaspace       used 6722K, committed 6912K, reserved 1114112K
  class space    used 853K, committed 896K, reserved 1048576K
}

Dll operation events (12 events):
Event: 0.010 Loaded shared library C:\Users\alexd\.jdks\corretto-17.0.13\bin\java.dll
Event: 0.033 Loaded shared library C:\Users\alexd\.jdks\corretto-17.0.13\bin\jsvml.dll
Event: 0.147 Loaded shared library C:\Users\alexd\.jdks\corretto-17.0.13\bin\zip.dll
Event: 0.151 Loaded shared library C:\Users\alexd\.jdks\corretto-17.0.13\bin\instrument.dll
Event: 0.165 Loaded shared library C:\Users\alexd\.jdks\corretto-17.0.13\bin\net.dll
Event: 0.168 Loaded shared library C:\Users\alexd\.jdks\corretto-17.0.13\bin\nio.dll
Event: 0.172 Loaded shared library C:\Users\alexd\.jdks\corretto-17.0.13\bin\zip.dll
Event: 0.266 Loaded shared library C:\Program Files\JetBrains\IntelliJ IDEA 2024.1.4\bin\breakgen64.dll
Event: 0.273 Loaded shared library C:\Users\alexd\.jdks\corretto-17.0.13\bin\jimage.dll
Event: 0.282 Loaded shared library C:\Users\alexd\.jdks\corretto-17.0.13\bin\extnet.dll
Event: 0.290 Loaded shared library C:\Users\alexd\.jdks\corretto-17.0.13\bin\management.dll
Event: 0.299 Loaded shared library C:\Users\alexd\.jdks\corretto-17.0.13\bin\management_ext.dll

Deoptimization events (0 events):
No events

Classes loaded (20 events):
Event: 0.911 Loading class java/lang/ProcessEnvironment$CheckedEntrySet$1
Event: 0.911 Loading class java/lang/ProcessEnvironment$CheckedEntrySet$1 done
Event: 0.911 Loading class java/lang/ProcessEnvironment$CheckedEntry
Event: 0.911 Loading class java/lang/ProcessEnvironment$CheckedEntry done
Event: 0.918 Loading class java/util/concurrent/CopyOnWriteArraySet
Event: 0.918 Loading class java/util/concurrent/CopyOnWriteArraySet done
Event: 0.922 Loading class java/util/concurrent/ConcurrentLinkedDeque
Event: 0.922 Loading class java/util/concurrent/ConcurrentLinkedDeque done
Event: 0.922 Loading class java/util/concurrent/ConcurrentLinkedDeque$Node
Event: 0.922 Loading class java/util/concurrent/ConcurrentLinkedDeque$Node done
Event: 0.925 Loading class sun/reflect/generics/tree/BottomSignature
Event: 0.926 Loading class sun/reflect/generics/tree/BottomSignature done
Event: 0.926 Loading class sun/reflect/generics/tree/Wildcard
Event: 0.926 Loading class sun/reflect/generics/tree/Wildcard done
Event: 0.926 Loading class sun/reflect/generics/reflectiveObjects/WildcardTypeImpl
Event: 0.926 Loading class sun/reflect/generics/reflectiveObjects/WildcardTypeImpl done
Event: 0.928 Loading class java/util/Currency
Event: 0.928 Loading class java/util/Currency done
Event: 0.929 Loading class java/util/UUID
Event: 0.930 Loading class java/util/UUID done

Classes unloaded (0 events):
No events

Classes redefined (0 events):
No events

Internal exceptions (20 events):
Event: 0.410 Thread 0x000001ea6ed2ee30 Exception <a 'java/lang/NoSuchMethodError'{0x0000000712965f90}: 'void java.lang.invoke.DirectMethodHandle$Holder.invokeStatic(java.lang.Object, java.lang.Object, java.lang.Object)'> (0x0000000712965f90) 
thrown [s\src\hotspot\share\interpreter\linkResolver.cpp, line 759]
Event: 0.420 Thread 0x000001ea6ed2ee30 Exception <a 'java/lang/NoSuchMethodError'{0x00000007129a2848}: 'int java.lang.invoke.DirectMethodHandle$Holder.invokeSpecialIFC(java.lang.Object, java.lang.Object, java.lang.Object)'> (0x00000007129a2848) 
thrown [s\src\hotspot\share\interpreter\linkResolver.cpp, line 759]
Event: 0.449 Thread 0x000001ea6ed2ee30 Exception <a 'java/lang/NoSuchMethodError'{0x0000000712619a78}: 'java.lang.Object java.lang.invoke.DirectMethodHandle$Holder.invokeStaticInit(java.lang.Object, int, int, int, int)'> (0x0000000712619a78) 
thrown [s\src\hotspot\share\interpreter\linkResolver.cpp, line 759]
Event: 0.517 Thread 0x000001ea6ed2ee30 Exception <a 'java/lang/NoSuchMethodError'{0x00000007126ea9d8}: 'java.lang.Object java.lang.invoke.DirectMethodHandle$Holder.invokeStaticInit(java.lang.Object, java.lang.Object, int, int, int, int)'> (0x00000007126ea9d8) 
thrown [s\src\hotspot\share\interpreter\linkResolver.cpp, line 759]
Event: 0.530 Thread 0x000001ea6ed2ee30 Exception <a 'java/lang/ClassNotFoundException'{0x00000007127092f0}: javax/management/remote/rmi/RMIServerImpl_Skel> (0x00000007127092f0) 
thrown [s\src\hotspot\share\classfile\systemDictionary.cpp, line 256]
Event: 0.609 Thread 0x000001ea6ed2ee30 Exception <a 'java/lang/ClassNotFoundException'{0x00000007125c2070}: javax/smartcardio/CardPermission> (0x00000007125c2070) 
thrown [s\src\hotspot\share\classfile\systemDictionary.cpp, line 256]
Event: 0.611 Thread 0x000001ea6ed2ee30 Exception <a 'java/io/FileNotFoundException'{0x00000007125d16c0}> (0x00000007125d16c0) 
thrown [s\src\hotspot\share\prims\jni.cpp, line 516]
Event: 0.624 Thread 0x000001ea6ed2ee30 Exception <a 'java/lang/NoSuchMethodError'{0x000000071223c128}: 'java.lang.Object java.lang.invoke.DirectMethodHandle$Holder.invokeSpecial(java.lang.Object, java.lang.Object, java.lang.Object, long, java.lang.Object)'> (0x000000071223c128) 
thrown [s\src\hotspot\share\interpreter\linkResolver.cpp, line 759]
Event: 0.624 Thread 0x000001ea6ed2ee30 Exception <a 'java/lang/NoSuchMethodError'{0x000000071223fcf8}: 'java.lang.Object java.lang.invoke.Invokers$Holder.linkToTargetMethod(java.lang.Object, long, java.lang.Object, java.lang.Object)'> (0x000000071223fcf8) 
thrown [s\src\hotspot\share\interpreter\linkResolver.cpp, line 759]
Event: 0.686 Thread 0x000001ea6ed2ee30 Exception <a 'java/lang/NoSuchMethodError'{0x000000071205d830}: 'void java.lang.invoke.DirectMethodHandle$Holder.invokeStatic(java.lang.Object, java.lang.Object, java.lang.Object, java.lang.Object)'> (0x000000071205d830) 
thrown [s\src\hotspot\share\interpreter\linkResolver.cpp, line 759]
Event: 0.737 Thread 0x000001ea6ed2ee30 Exception <a 'java/lang/NoSuchMethodError'{0x0000000712178990}: 'int java.lang.invoke.DirectMethodHandle$Holder.invokeStaticInit(java.lang.Object, java.lang.Object)'> (0x0000000712178990) 
thrown [s\src\hotspot\share\interpreter\linkResolver.cpp, line 759]
Event: 0.740 Thread 0x000001ea6ed2ee30 Exception <a 'java/lang/NoSuchMethodError'{0x0000000712190738}: 'void java.lang.invoke.DirectMethodHandle$Holder.invokeInterface(java.lang.Object, java.lang.Object, java.lang.Object, java.lang.Object)'> (0x0000000712190738) 
thrown [s\src\hotspot\share\interpreter\linkResolver.cpp, line 759]
Event: 0.801 Thread 0x000001ea6ed2ee30 Exception <a 'java/lang/NoSuchMethodError'{0x0000000711f50398}: 'java.lang.Object java.lang.invoke.DirectMethodHandle$Holder.invokeInterface(java.lang.Object, java.lang.Object)'> (0x0000000711f50398) 
thrown [s\src\hotspot\share\interpreter\linkResolver.cpp, line 759]
Event: 0.816 Thread 0x000001ea6ed2ee30 Exception <a 'java/lang/NoSuchMethodError'{0x0000000711fa09f0}: 'java.lang.Object java.lang.invoke.DirectMethodHandle$Holder.invokeSpecialIFC(java.lang.Object, java.lang.Object, java.lang.Object, java.lang.Object)'> (0x0000000711fa09f0) 
thrown [s\src\hotspot\share\interpreter\linkResolver.cpp, line 759]
Event: 0.821 Thread 0x000001ea6ed2ee30 Exception <a 'java/lang/NoSuchMethodError'{0x0000000711fc0290}: 'java.lang.Object java.lang.invoke.DirectMethodHandle$Holder.invokeInterface(java.lang.Object, java.lang.Object, java.lang.Object)'> (0x0000000711fc0290) 
thrown [s\src\hotspot\share\interpreter\linkResolver.cpp, line 759]
Event: 0.866 Thread 0x000001ea6ed2ee30 Exception <a 'java/lang/NoSuchMethodError'{0x00000007133011a0}: 'int java.lang.invoke.DirectMethodHandle$Holder.invokeStaticInit(java.lang.Object, java.lang.Object, java.lang.Object)'> (0x00000007133011a0) 
thrown [s\src\hotspot\share\interpreter\linkResolver.cpp, line 759]
Event: 0.875 Thread 0x000001ea6ed2ee30 Exception <a 'java/lang/NoSuchMethodError'{0x000000071335a8b8}: 'java.lang.Object java.lang.invoke.DirectMethodHandle$Holder.newInvokeSpecial(java.lang.Object, java.lang.Object, java.lang.Object, java.lang.Object, java.lang.Object)'> (0x000000071335a8b8) 
thrown [s\src\hotspot\share\interpreter\linkResolver.cpp, line 759]
Event: 0.882 Thread 0x000001ea6ed2ee30 Exception <a 'java/lang/NoSuchMethodError'{0x00000007133a9ee0}: 'java.lang.Object java.lang.invoke.DirectMethodHandle$Holder.invokeStaticInit(java.lang.Object, java.lang.Object, java.lang.Object)'> (0x00000007133a9ee0) 
thrown [s\src\hotspot\share\interpreter\linkResolver.cpp, line 759]
Event: 0.895 Thread 0x000001ea6ed2ee30 Exception <a 'java/lang/IncompatibleClassChangeError'{0x000000071305d6d8}: Found class java.lang.Object, but interface was expected> (0x000000071305d6d8) 
thrown [s\src\hotspot\share\interpreter\linkResolver.cpp, line 826]
Event: 0.909 Thread 0x000001ea6ed2ee30 Exception <a 'sun/nio/fs/WindowsException'{0x00000007130e3b88}> (0x00000007130e3b88) 
thrown [s\src\hotspot\share\prims\jni.cpp, line 516]

VM Operations (16 events):
Event: 0.132 Executing VM operation: HandshakeAllThreads
Event: 0.132 Executing VM operation: HandshakeAllThreads done
Event: 0.272 Executing VM operation: HandshakeAllThreads
Event: 0.272 Executing VM operation: HandshakeAllThreads done
Event: 0.307 Executing VM operation: HandshakeAllThreads
Event: 0.307 Executing VM operation: HandshakeAllThreads done
Event: 0.433 Executing VM operation: HandshakeAllThreads
Event: 0.433 Executing VM operation: HandshakeAllThreads done
Event: 0.579 Executing VM operation: HandshakeAllThreads
Event: 0.579 Executing VM operation: HandshakeAllThreads done
Event: 0.583 Executing VM operation: HandshakeAllThreads
Event: 0.583 Executing VM operation: HandshakeAllThreads done
Event: 0.833 Executing VM operation: G1CollectForAllocation
Event: 0.843 Executing VM operation: G1CollectForAllocation done
Event: 0.910 Executing VM operation: HandshakeAllThreads
Event: 0.911 Executing VM operation: HandshakeAllThreads done

Memory protections (0 events):
No events

Nmethod flushes (0 events):
No events

Events (16 events):
Event: 0.033 Thread 0x000001ea6ed2ee30 Thread added: 0x000001ea6ed2ee30
Event: 0.035 Thread 0x000001ea6ed2ee30 Thread added: 0x000001ea4b0042e0
Event: 0.035 Thread 0x000001ea6ed2ee30 Thread added: 0x000001ea4b004ea0
Event: 0.046 Thread 0x000001ea6ed2ee30 Thread added: 0x000001ea4b01b840
Event: 0.046 Thread 0x000001ea6ed2ee30 Thread added: 0x000001ea4b01c400
Event: 0.046 Thread 0x000001ea6ed2ee30 Thread added: 0x000001ea4b01edd0
Event: 0.046 Thread 0x000001ea6ed2ee30 Thread added: 0x000001ea4b021f40
Event: 0.046 Thread 0x000001ea6ed2ee30 Thread added: 0x000001ea4b0229b0
Event: 0.046 Thread 0x000001ea6ed2ee30 Thread added: 0x000001ea4b0257c0
Event: 0.120 Thread 0x000001ea6ed2ee30 Thread added: 0x000001ea7fa4d810
Event: 0.132 Thread 0x000001ea4b0229b0 Thread added: 0x000001ea7fa4df80
Event: 0.134 Thread 0x000001ea4b0229b0 Thread added: 0x000001ea4b10dd30
Event: 0.134 Thread 0x000001ea4b0229b0 Thread added: 0x000001ea4b10e300
Event: 0.267 Thread 0x000001ea6ed2ee30 Thread added: 0x000001ea4b3f38e0
Event: 0.268 Thread 0x000001ea6ed2ee30 Thread added: 0x000001ea4b5da700
Event: 0.536 Thread 0x000001ea6ed2ee30 Thread added: 0x000001ea4b74cdf0


Dynamic libraries:
0x00007ff661fe0000 - 0x00007ff661fee000 	C:\Users\alexd\.jdks\corretto-17.0.13\bin\java.exe
0x00007ffc6d350000 - 0x00007ffc6d567000 	C:\WINDOWS\SYSTEM32\ntdll.dll
0x00007ffc6cdd0000 - 0x00007ffc6ce94000 	C:\WINDOWS\System32\KERNEL32.DLL
0x00007ffc6a950000 - 0x00007ffc6ad0a000 	C:\WINDOWS\System32\KERNELBASE.dll
0x00007ffc6a610000 - 0x00007ffc6a721000 	C:\WINDOWS\System32\ucrtbase.dll
0x00007ffc5d1d0000 - 0x00007ffc5d1eb000 	C:\Users\alexd\.jdks\corretto-17.0.13\bin\VCRUNTIME140.dll
0x00007ffc54c10000 - 0x00007ffc54c27000 	C:\Users\alexd\.jdks\corretto-17.0.13\bin\jli.dll
0x00007ffc6cf80000 - 0x00007ffc6d12e000 	C:\WINDOWS\System32\USER32.dll
0x00007ffc4bef0000 - 0x00007ffc4c182000 	C:\WINDOWS\WinSxS\amd64_microsoft.windows.common-controls_6595b64144ccf1df_6.0.22621.4541_none_2710d1c57384c085\COMCTL32.dll
0x00007ffc6ae70000 - 0x00007ffc6ae96000 	C:\WINDOWS\System32\win32u.dll
0x00007ffc6b190000 - 0x00007ffc6b237000 	C:\WINDOWS\System32\msvcrt.dll
0x00007ffc6d2e0000 - 0x00007ffc6d309000 	C:\WINDOWS\System32\GDI32.dll
0x00007ffc6aea0000 - 0x00007ffc6afbb000 	C:\WINDOWS\System32\gdi32full.dll
0x00007ffc6add0000 - 0x00007ffc6ae6a000 	C:\WINDOWS\System32\msvcp_win.dll
0x00007ffc6cec0000 - 0x00007ffc6cef1000 	C:\WINDOWS\System32\IMM32.DLL
0x00007ffc61530000 - 0x00007ffc6153c000 	C:\Users\alexd\.jdks\corretto-17.0.13\bin\vcruntime140_1.dll
0x00007ffc3ffa0000 - 0x00007ffc4002d000 	C:\Users\alexd\.jdks\corretto-17.0.13\bin\msvcp140.dll
0x00007ffbec780000 - 0x00007ffbed3ec000 	C:\Users\alexd\.jdks\corretto-17.0.13\bin\server\jvm.dll
0x00007ffc6d190000 - 0x00007ffc6d242000 	C:\WINDOWS\System32\ADVAPI32.dll
0x00007ffc6cd20000 - 0x00007ffc6cdc7000 	C:\WINDOWS\System32\sechost.dll
0x00007ffc6a920000 - 0x00007ffc6a948000 	C:\WINDOWS\System32\bcrypt.dll
0x00007ffc6b750000 - 0x00007ffc6b864000 	C:\WINDOWS\System32\RPCRT4.dll
0x00007ffc6bc10000 - 0x00007ffc6bc81000 	C:\WINDOWS\System32\WS2_32.dll
0x00007ffc69470000 - 0x00007ffc694bd000 	C:\WINDOWS\SYSTEM32\POWRPROF.dll
0x00007ffc5d0c0000 - 0x00007ffc5d0f4000 	C:\WINDOWS\SYSTEM32\WINMM.dll
0x00007ffc5d0b0000 - 0x00007ffc5d0ba000 	C:\WINDOWS\SYSTEM32\VERSION.dll
0x00007ffc69450000 - 0x00007ffc69463000 	C:\WINDOWS\SYSTEM32\UMPDC.dll
0x00007ffc69710000 - 0x00007ffc69728000 	C:\WINDOWS\SYSTEM32\kernel.appcore.dll
0x00007ffc5d2e0000 - 0x00007ffc5d2ea000 	C:\Users\alexd\.jdks\corretto-17.0.13\bin\jimage.dll
0x00007ffc674f0000 - 0x00007ffc67722000 	C:\WINDOWS\SYSTEM32\DBGHELP.DLL
0x00007ffc6b870000 - 0x00007ffc6bc01000 	C:\WINDOWS\System32\combase.dll
0x00007ffc6bca0000 - 0x00007ffc6bd77000 	C:\WINDOWS\System32\OLEAUT32.dll
0x00007ffc3e120000 - 0x00007ffc3e152000 	C:\WINDOWS\SYSTEM32\dbgcore.DLL
0x00007ffc6a730000 - 0x00007ffc6a7ab000 	C:\WINDOWS\System32\bcryptPrimitives.dll
0x00007ffc52f10000 - 0x00007ffc52f1e000 	C:\Users\alexd\.jdks\corretto-17.0.13\bin\instrument.dll
0x00007ffc52f20000 - 0x00007ffc52f45000 	C:\Users\alexd\.jdks\corretto-17.0.13\bin\java.dll
0x00007ffc3de00000 - 0x00007ffc3ded7000 	C:\Users\alexd\.jdks\corretto-17.0.13\bin\jsvml.dll
0x00007ffc6c020000 - 0x00007ffc6c899000 	C:\WINDOWS\System32\SHELL32.dll
0x00007ffc68500000 - 0x00007ffc68e09000 	C:\WINDOWS\SYSTEM32\windows.storage.dll
0x00007ffc683c0000 - 0x00007ffc684ff000 	C:\WINDOWS\SYSTEM32\wintypes.dll
0x00007ffc6b040000 - 0x00007ffc6b13a000 	C:\WINDOWS\System32\SHCORE.dll
0x00007ffc6be00000 - 0x00007ffc6be5e000 	C:\WINDOWS\System32\shlwapi.dll
0x00007ffc6a540000 - 0x00007ffc6a56b000 	C:\WINDOWS\SYSTEM32\profapi.dll
0x00007ffc53850000 - 0x00007ffc53868000 	C:\Users\alexd\.jdks\corretto-17.0.13\bin\zip.dll
0x00007ffc54bd0000 - 0x00007ffc54be9000 	C:\Users\alexd\.jdks\corretto-17.0.13\bin\net.dll
0x00007ffc5f640000 - 0x00007ffc5f776000 	C:\WINDOWS\SYSTEM32\WINHTTP.dll
0x00007ffc69ba0000 - 0x00007ffc69c09000 	C:\WINDOWS\system32\mswsock.dll
0x00007ffc53940000 - 0x00007ffc53956000 	C:\Users\alexd\.jdks\corretto-17.0.13\bin\nio.dll
0x00007ffc510f0000 - 0x00007ffc5110a000 	C:\Program Files\JetBrains\IntelliJ IDEA 2024.1.4\bin\breakgen64.dll
0x00007ffc690d0000 - 0x00007ffc691d2000 	C:\WINDOWS\SYSTEM32\DNSAPI.dll
0x00007ffc69060000 - 0x00007ffc6908d000 	C:\WINDOWS\SYSTEM32\IPHLPAPI.DLL
0x00007ffc6bd80000 - 0x00007ffc6bd89000 	C:\WINDOWS\System32\NSI.dll
0x00007ffc53c60000 - 0x00007ffc53c69000 	C:\Users\alexd\.jdks\corretto-17.0.13\bin\extnet.dll
0x00007ffc5d090000 - 0x00007ffc5d09a000 	C:\Windows\System32\rasadhlp.dll
0x00007ffc5d720000 - 0x00007ffc5d7a3000 	C:\WINDOWS\System32\fwpuclnt.dll
0x00007ffc52bb0000 - 0x00007ffc52bb9000 	C:\Users\alexd\.jdks\corretto-17.0.13\bin\management.dll
0x00007ffc510e0000 - 0x00007ffc510eb000 	C:\Users\alexd\.jdks\corretto-17.0.13\bin\management_ext.dll
0x00007ffc6b560000 - 0x00007ffc6b568000 	C:\WINDOWS\System32\PSAPI.DLL
0x00007ffc69e10000 - 0x00007ffc69e2b000 	C:\WINDOWS\SYSTEM32\CRYPTSP.dll
0x00007ffc69670000 - 0x00007ffc696a5000 	C:\WINDOWS\system32\rsaenh.dll
0x00007ffc69cb0000 - 0x00007ffc69cd8000 	C:\WINDOWS\SYSTEM32\USERENV.dll
0x00007ffc69e30000 - 0x00007ffc69e3c000 	C:\WINDOWS\SYSTEM32\CRYPTBASE.dll
0x00007ffc59570000 - 0x00007ffc59589000 	C:\WINDOWS\SYSTEM32\dhcpcsvc6.DLL
0x00007ffc59550000 - 0x00007ffc5956f000 	C:\WINDOWS\SYSTEM32\dhcpcsvc.DLL
0x00007ffc0b080000 - 0x00007ffc0b097000 	C:\WINDOWS\system32\napinsp.dll
0x00007ffc0b0a0000 - 0x00007ffc0b0bb000 	C:\WINDOWS\system32\pnrpnsp.dll
0x00007ffc0b0c0000 - 0x00007ffc0b0d1000 	C:\WINDOWS\System32\winrnr.dll
0x00007ffc5ce50000 - 0x00007ffc5ce65000 	C:\WINDOWS\system32\wshbth.dll
0x00007ffc0b0e0000 - 0x00007ffc0b107000 	C:\WINDOWS\system32\nlansp_c.dll

dbghelp: loaded successfully - version: 4.0.5 - missing functions: none
symbol engine: initialized successfully - sym options: 0x614 - pdb path: .;C:\Users\alexd\.jdks\corretto-17.0.13\bin;C:\WINDOWS\SYSTEM32;C:\WINDOWS\WinSxS\amd64_microsoft.windows.common-controls_6595b64144ccf1df_6.0.22621.4541_none_2710d1c57384c085;C:\Users\alexd\.jdks\corretto-17.0.13\bin\server;C:\Program Files\JetBrains\IntelliJ IDEA 2024.1.4\bin

VM Arguments:
jvm_args: -XX:TieredStopAtLevel=1 -Dspring.output.ansi.enabled=always -Dcom.sun.management.jmxremote -Dspring.jmx.enabled=true -Dspring.liveBeansView.mbeanDomain -Dspring.application.admin.enabled=true -Dmanagement.endpoints.jmx.exposure.include=* -javaagent:C:\Program Files\JetBrains\IntelliJ IDEA 2024.1.4\lib\idea_rt.jar=62630:C:\Program Files\JetBrains\IntelliJ IDEA 2024.1.4\bin -Dfile.encoding=UTF-8 
java_command: com.example.TicTacToe.TicTacToeApplication
java_class_path (initial): C:\Users\alexd\springApp\JavaTicTacToe\TicTacToe\build\classes\java\main;C:\Users\alexd\springApp\JavaTicTacToe\TicTacToe\build\resources\main;C:\Users\alexd\.gradle\caches\modules-2\files-2.1\org.springframework.boot\spring-boot-starter-websocket\3.4.2\55180627970a6d1bcdfce22716674d16e780ed10\spring-boot-starter-websocket-3.4.2.jar;C:\Users\alexd\.gradle\caches\modules-2\files-2.1\org.springframework.boot\spring-boot-starter-web\3.3.5\51cc6cd5fb15f4eecfadea4ac689ed290e65c2cc\spring-boot-starter-web-3.3.5.jar;C:\Users\alexd\.gradle\caches\modules-2\files-2.1\org.springframework.boot\spring-boot-starter-security\3.3.5\662a0cd1672e55cdde5f8af1be79e18653e13c3d\spring-boot-starter-security-3.3.5.jar;C:\Users\alexd\.gradle\caches\modules-2\files-2.1\org.springframework.boot\spring-boot-starter-data-jpa\3.3.5\3fbef698f3a3c43c60ed493f96b11471f7d01ec7\spring-boot-starter-data-jpa-3.3.5.jar;C:\Users\alexd\.gradle\caches\modules-2\files-2.1\org.springframework.boot\spring-boot-starter\3.3.5\16b7a9acf1918a8f763e871ada3794e9ffd4a980\spring-boot-starter-3.3.5.jar;C:\Users\alexd\.gradle\caches\modules-2\files-2.1\org.projectlombok\lombok\1.18.34\ec547ef414ab1d2c040118fb9c1c265ada63af14\lombok-1.18.34.jar;C:\Users\alexd\.gradle\caches\modules-2\files-2.1\io.jsonwebtoken\jjwt\0.12.6\3ec582b34a9fd6a2081ea663993d2881a0c1dba2\jjwt-0.12.6.jar;C:\Users\alexd\.gradle\caches\modules-2\files-2.1\org.springframework\spring-websocket\6.1.14\bb2335356845bf703234fea83fcfa032b759c99\spring-websocket-6.1.14.jar;C:\Users\alexd\.gradle\caches\modules-2\files-2.1\org.springframework\spring-messaging\6.1.14\97e6f282fc94bfaec4d0146511727186452a0af\spring-messaging-6.1.14.jar;C:\Users\alexd\.gradle\caches\modules-2\files-2.1\org.springframework.boot\spring-boot-starter-json\3.3.5\a92dd0bc808c9de278bc62bc37db4e409027657a\spring-boot-starter-json-3.3.5.jar;C:\Users\alexd\.gradle\caches\modules-2\files-2.1\org.springframework.boot\spring-boot-starter-tomcat\3.3.5\9fcf404e2efc
Launcher Type: SUN_STANDARD

[Global flags]
     intx CICompilerCount                          = 4                                         {product} {ergonomic}
     uint ConcGCThreads                            = 2                                         {product} {ergonomic}
     uint G1ConcRefinementThreads                  = 8                                         {product} {ergonomic}
   size_t G1HeapRegionSize                         = 2097152                                   {product} {ergonomic}
    uintx GCDrainStackTargetSize                   = 64                                        {product} {ergonomic}
   size_t InitialHeapSize                          = 266338304                                 {product} {ergonomic}
     bool ManagementServer                         = true                                      {product} {command line}
   size_t MarkStackSize                            = 4194304                                   {product} {ergonomic}
   size_t MaxHeapSize                              = 4238344192                                {product} {ergonomic}
   size_t MaxNewSize                               = 2541748224                                {product} {ergonomic}
   size_t MinHeapDeltaBytes                        = 2097152                                   {product} {ergonomic}
   size_t MinHeapSize                              = 8388608                                   {product} {ergonomic}
    uintx NonProfiledCodeHeapSize                  = 0                                      {pd product} {ergonomic}
     bool ProfileInterpreter                       = false                                  {pd product} {command line}
    uintx ProfiledCodeHeapSize                     = 0                                      {pd product} {ergonomic}
   size_t SoftMaxHeapSize                          = 4238344192                             {manageable} {ergonomic}
     intx TieredStopAtLevel                        = 1                                         {product} {command line}
     bool UseCompressedClassPointers               = true                           {product lp64_product} {ergonomic}
     bool UseCompressedOops                        = true                           {product lp64_product} {ergonomic}
     bool UseG1GC                                  = true                                      {product} {ergonomic}
     bool UseLargePagesIndividualAllocation        = false                                  {pd product} {ergonomic}

Logging:
Log output configuration:
 #0: stdout all=warning uptime,level,tags
 #1: stderr all=off uptime,level,tags

Environment Variables:
PATH=C:\WINDOWS\system32;C:\WINDOWS;C:\WINDOWS\System32\Wbem;C:\WINDOWS\System32\WindowsPowerShell\v1.0\;C:\WINDOWS\System32\OpenSSH\;C:\MinGW\bin;C:\Program Files\dotnet\;C:\Program Files\Git\cmd;C:\Program Files\nodejs\;C:\Program Files\MATLAB\R2013b\runtime\win64;C:\Program Files\MATLAB\R2013b\bin;C:\Program Files\MATLAB\R2013b\polyspace\bin;C:\Program Files\Docker\Docker\resources\bin;C:\Users\alexd\AppData\Local\Programs\Python\Python311\Scripts\;C:\Users\alexd\AppData\Local\Programs\Python\Python311\;C:\Users\alexd\AppData\Local\Microsoft\WindowsApps;C:\Users\alexd\AppData\Local\Programs\Microsoft VS Code\bin;C:\mingw64\bin;C:\Users\alexd\.dotnet\tools;C:\Users\alexd\AppData\Roaming\npm;
USERNAME=alexd
OS=Windows_NT
PROCESSOR_IDENTIFIER=Intel64 Family 6 Model 140 Stepping 1, GenuineIntel
TMP=C:\Users\alexd\AppData\Local\Temp
TEMP=C:\Users\alexd\AppData\Local\Temp



Periodic native trim disabled


---------------  S Y S T E M  ---------------

OS:
 Windows 11 , 64 bit Build 22621 (10.0.22621.4391)
OS uptime: 1 days 1:01 hours
Hyper-V role detected

CPU: total 8 (initial active 8) (4 cores per cpu, 2 threads per core) family 6 model 140 stepping 1 microcode 0x8a, cx8, cmov, fxsr, ht, mmx, 3dnowpref, sse, sse2, sse3, ssse3, sse4.1, sse4.2, popcnt, lzcnt, tsc, tscinvbit, avx, avx2, aes, erms, clmul, bmi1, bmi2, adx, avx512f, avx512dq, avx512cd, avx512bw, avx512vl, sha, fma, vzeroupper, avx512_vpopcntdq, avx512_vpclmulqdq, avx512_vaes, avx512_vnni, clflush, clflushopt, clwb, avx512_vbmi2, avx512_vbmi, hv
Processor Information for processor 0
  Max Mhz: 2419, Current Mhz: 1209, Mhz Limit: 2419
Processor Information for processor 1
  Max Mhz: 2419, Current Mhz: 1209, Mhz Limit: 2419
Processor Information for processor 2
  Max Mhz: 2419, Current Mhz: 2419, Mhz Limit: 2419
Processor Information for processor 3
  Max Mhz: 2419, Current Mhz: 1209, Mhz Limit: 2419
Processor Information for processor 4
  Max Mhz: 2419, Current Mhz: 2419, Mhz Limit: 2419
Processor Information for processor 5
  Max Mhz: 2419, Current Mhz: 2419, Mhz Limit: 2419
Processor Information for processor 6
  Max Mhz: 2419, Current Mhz: 2419, Mhz Limit: 2419
Processor Information for processor 7
  Max Mhz: 2419, Current Mhz: 2419, Mhz Limit: 2419

Memory: 4k page, system-wide physical 16167M (1332M free)
TotalPageFile size 20167M (AvailPageFile size 133M)
current process WorkingSet (physical memory assigned to process): 80M, peak: 80M
current process commit charge ("private bytes"): 355M, peak: 355M

vm_info: OpenJDK 64-Bit Server VM (17.0.13+11-LTS) for windows-amd64 JRE (17.0.13+11-LTS), built on Oct 10 2024 19:51:30 by "Administrator" with MS VC++ 16.10 / 16.11 (VS2019)

END.
